#
# There is insufficient memory for the Java Runtime Environment to continue.
# Native memory allocation (malloc) failed to allocate 400336 bytes for Chunk::new
# Possible reasons:
#   The system is out of physical RAM or swap space
#   In 32 bit mode, the process size limit was hit
# Possible solutions:
#   Reduce memory load on the system
#   Increase physical memory or swap space
#   Check if swap backing store is full
#   Use 64 bit Java on a 64 bit OS
#   Decrease Java heap size (-Xmx/-Xms)
#   Decrease number of Java threads
#   Decrease Java thread stack sizes (-Xss)
#   Set larger code cache with -XX:ReservedCodeCacheSize=
# This output file may be truncated or incomplete.
#
#  Out of Memory Error (allocation.cpp:390), pid=9704, tid=5124
#
# JRE version: Java(TM) SE Runtime Environment (8.0_40-b26) (build 1.8.0_40-b26)
# Java VM: Java HotSpot(TM) 64-Bit Server VM (25.40-b25 mixed mode windows-amd64 compressed oops)
# Failed to write core dump. Minidumps are not enabled by default on client versions of Windows
#

---------------  T H R E A D  ---------------

Current thread (0x00000000566e1800):  JavaThread "C2 CompilerThread1" daemon [_thread_in_native, id=5124, stack(0x0000000057fb0000,0x00000000580b0000)]

Stack: [0x0000000057fb0000,0x00000000580b0000]
Native frames: (J=compiled Java code, j=interpreted, Vv=VM code, C=native code)
V  [jvm.dll+0x32b47a]


Current CompileTask:
C2:   1996 1141       4       com.android.dx.ssa.SsaMethod::forEachInsn (36 bytes)


---------------  P R O C E S S  ---------------

Java Threads: ( => current thread )
  0x00000000587e6800 JavaThread "pool-1-thread-4" [_thread_blocked, id=9060, stack(0x00000000582b0000,0x00000000583b0000)]
  0x0000000058838800 JavaThread "pool-1-thread-3" [_thread_blocked, id=6548, stack(0x0000000059560000,0x0000000059660000)]
  0x0000000058837000 JavaThread "pool-1-thread-2" [_thread_blocked, id=7528, stack(0x0000000059380000,0x0000000059480000)]
  0x00000000569d0800 JavaThread "pool-2-thread-1" [_thread_blocked, id=9448, stack(0x0000000059200000,0x0000000059300000)]
  0x00000000569d5000 JavaThread "pool-1-thread-1" [_thread_blocked, id=2508, stack(0x0000000059000000,0x0000000059100000)]
  0x000000005677f000 JavaThread "Service Thread" daemon [_thread_blocked, id=9836, stack(0x0000000058580000,0x0000000058680000)]
  0x00000000566f2800 JavaThread "C1 CompilerThread3" daemon [_thread_blocked, id=3244, stack(0x00000000583c0000,0x00000000584c0000)]
  0x00000000566ed800 JavaThread "C2 CompilerThread2" daemon [_thread_in_native, id=9280, stack(0x0000000058140000,0x0000000058240000)]
=>0x00000000566e1800 JavaThread "C2 CompilerThread1" daemon [_thread_in_native, id=5124, stack(0x0000000057fb0000,0x00000000580b0000)]
  0x00000000566db800 JavaThread "C2 CompilerThread0" daemon [_thread_blocked, id=9972, stack(0x0000000057df0000,0x0000000057ef0000)]
  0x00000000566da000 JavaThread "Attach Listener" daemon [_thread_blocked, id=9316, stack(0x0000000057c50000,0x0000000057d50000)]
  0x00000000566d9000 JavaThread "Signal Dispatcher" daemon [_thread_blocked, id=9776, stack(0x0000000057b00000,0x0000000057c00000)]
  0x0000000055735800 JavaThread "Finalizer" daemon [_thread_blocked, id=1492, stack(0x00000000578c0000,0x00000000579c0000)]
  0x0000000055734800 JavaThread "Reference Handler" daemon [_thread_blocked, id=7732, stack(0x0000000057600000,0x0000000057700000)]
  0x0000000001bfe000 JavaThread "main" [_thread_blocked, id=6368, stack(0x00000000023b0000,0x00000000024b0000)]

Other Threads:
  0x0000000056690800 VMThread [stack: 0x0000000057700000,0x0000000057800000] [id=6400]
  0x0000000056781800 WatcherThread [stack: 0x00000000586c0000,0x00000000587c0000] [id=5996]

VM state:not at safepoint (normal execution)

VM Mutex/Monitor currently owned by a thread: None

Heap:
 PSYoungGen      total 38400K, used 13678K [0x00000000eab00000, 0x00000000ed580000, 0x0000000100000000)
  eden space 33280K, 25% used [0x00000000eab00000,0x00000000eb363728,0x00000000ecb80000)
  from space 5120K, 99% used [0x00000000ecb80000,0x00000000ed078450,0x00000000ed080000)
  to   space 5120K, 0% used [0x00000000ed080000,0x00000000ed080000,0x00000000ed580000)
 ParOldGen       total 87552K, used 687K [0x00000000c0000000, 0x00000000c5580000, 0x00000000eab00000)
  object space 87552K, 0% used [0x00000000c0000000,0x00000000c00abdf8,0x00000000c5580000)
 Metaspace       used 5893K, capacity 6896K, committed 7040K, reserved 1056768K
  class space    used 586K, capacity 616K, committed 640K, reserved 1048576K

Card table byte_map: [0x0000000011b40000,0x0000000011d50000] byte_map_base: 0x0000000011540000

Marking Bits: (ParMarkBitMap*) 0x000000005d104040
 Begin Bits: [0x0000000012b50000, 0x0000000013b50000)
 End Bits:   [0x0000000013b50000, 0x0000000014b50000)

Polling page: 0x00000000005c0000

CodeCache: size=245760Kb used=4501Kb max_used=4514Kb free=241258Kb
 bounds [0x0000000002780000, 0x0000000002bf0000, 0x0000000011780000]
 total_blobs=1473 nmethods=1203 adapters=182
 compilation: disabled (not enough contiguous free space left)

Compilation events (10 events):
Event: 1.981 Thread 0x00000000566f2800 1211       3       com.android.dx.cf.code.BaseMachine::popArgs (72 bytes)
Event: 1.981 Thread 0x00000000566ed800 nmethod 1144 0x0000000002be7850 code [0x0000000002be7a00, 0x0000000002be8208]
Event: 1.981 Thread 0x00000000566ed800 1209 %     4       com.android.dx.cf.code.Ropper::labelToResultIndex @ 10 (47 bytes)
Event: 1.981 Thread 0x00000000566f2800 nmethod 1211 0x0000000002be6150 code [0x0000000002be63c0, 0x0000000002be7168]
Event: 1.981 Thread 0x00000000566f2800 1204       3       com.android.dx.rop.code.AccessFlags::isAbstract (14 bytes)
Event: 1.982 Thread 0x00000000566f2800 nmethod 1204 0x0000000002bd3250 code [0x0000000002bd33a0, 0x0000000002bd3530]
Event: 1.986 Thread 0x00000000566ed800 nmethod 1209% 0x0000000002be4550 code [0x0000000002be46c0, 0x0000000002be49f8]
Event: 1.986 Thread 0x00000000566ed800 1210       4       com.android.dx.cf.code.Ropper::getAvailableLabel (54 bytes)
Event: 1.991 Thread 0x00000000566ed800 nmethod 1210 0x0000000002bd7d50 code [0x0000000002bd7ec0, 0x0000000002bd82d8]
Event: 1.991 Thread 0x00000000566ed800 1215       4       com.android.dx.util.LabeledList::set (45 bytes)

GC Heap History (2 events):
Event: 1.500 GC heap before
{Heap before GC invocations=1 (full 0):
 PSYoungGen      total 38400K, used 33280K [0x00000000eab00000, 0x00000000ed580000, 0x0000000100000000)
  eden space 33280K, 100% used [0x00000000eab00000,0x00000000ecb80000,0x00000000ecb80000)
  from space 5120K, 0% used [0x00000000ed080000,0x00000000ed080000,0x00000000ed580000)
  to   space 5120K, 0% used [0x00000000ecb80000,0x00000000ecb80000,0x00000000ed080000)
 ParOldGen       total 87552K, used 0K [0x00000000c0000000, 0x00000000c5580000, 0x00000000eab00000)
  object space 87552K, 0% used [0x00000000c0000000,0x00000000c0000000,0x00000000c5580000)
 Metaspace       used 5828K, capacity 6832K, committed 7040K, reserved 1056768K
  class space    used 586K, capacity 616K, committed 640K, reserved 1048576K
Event: 1.730 GC heap after
Heap after GC invocations=1 (full 0):
 PSYoungGen      total 38400K, used 5089K [0x00000000eab00000, 0x00000000ed580000, 0x0000000100000000)
  eden space 33280K, 0% used [0x00000000eab00000,0x00000000eab00000,0x00000000ecb80000)
  from space 5120K, 99% used [0x00000000ecb80000,0x00000000ed078450,0x00000000ed080000)
  to   space 5120K, 0% used [0x00000000ed080000,0x00000000ed080000,0x00000000ed580000)
 ParOldGen       total 87552K, used 687K [0x00000000c0000000, 0x00000000c5580000, 0x00000000eab00000)
  object space 87552K, 0% used [0x00000000c0000000,0x00000000c00abdf8,0x00000000c5580000)
 Metaspace       used 5828K, capacity 6832K, committed 7040K, reserved 1056768K
  class space    used 586K, capacity 616K, committed 640K, reserved 1048576K
}

Deoptimization events (4 events):
Event: 0.720 Thread 0x0000000058837000 Uncommon trap: reason=unstable_if action=reinterpret pc=0x000000000297311c method=java.util.HashMap.getNode(ILjava/lang/Object;)Ljava/util/HashMap$Node; @ 129
Event: 0.740 Thread 0x0000000058837000 Uncommon trap: reason=unstable_if action=reinterpret pc=0x0000000002964e60 method=java.util.BitSet.nextSetBit(I)I @ 87
Event: 0.802 Thread 0x00000000569d5000 Uncommon trap: reason=unstable_if action=reinterpret pc=0x00000000029adff0 method=java.util.HashMap.getNode(ILjava/lang/Object;)Ljava/util/HashMap$Node; @ 129
Event: 1.043 Thread 0x00000000569d5000 Uncommon trap: reason=unstable_if action=reinterpret pc=0x0000000002a0e644 method=com.android.dx.rop.cst.Constant.compareTo(Lcom/android/dx/rop/cst/Constant;)I @ 12

Internal exceptions (2 events):
Event: 0.034 Thread 0x0000000001bfe000 Exception <a 'java/lang/NoSuchMethodError': Method sun.misc.Unsafe.defineClass(Ljava/lang/String;[BII)Ljava/lang/Class; name or signature does not match> (0x00000000eab0d5b0) thrown at [D:\re\workspace\8-2-build-windows-amd64-cygwin\jdk8u40\3098\hotspot\sr8ÚPêW°?
Event: 0.034 Thread 0x0000000001bfe000 Exception <a 'java/lang/NoSuchMethodError': Method sun.misc.Unsafe.prefetchRead(Ljava/lang/Object;J)V name or signature does not match> (0x00000000eab0d840) thrown at [D:\re\workspace\8-2-build-windows-amd64-cygwin\jdk8u40\3098\hotspot\src\share\vm\prims\j

Events (10 events):
Event: 1.043 Thread 0x00000000569d5000 DEOPT PACKING pc=0x0000000002a0e644 sp=0x00000000590feac0
Event: 1.043 Thread 0x00000000569d5000 DEOPT UNPACKING pc=0x00000000027c582a sp=0x00000000590fea60 mode 2
Event: 1.187 Executing VM operation: ForceSafepoint
Event: 1.187 Executing VM operation: ForceSafepoint done
Event: 1.222 loading class java/util/TreeMap$EntrySet
Event: 1.222 loading class java/util/TreeMap$EntrySet done
Event: 1.222 loading class java/util/TreeMap$EntryIterator
Event: 1.222 loading class java/util/TreeMap$EntryIterator done
Event: 1.401 Executing VM operation: ParallelGCFailedAllocation
Event: 1.730 Executing VM operation: ParallelGCFailedAllocation done


Dynamic libraries:
0x000000013f100000 - 0x000000013f137000 	C:\Program Files\Java\jdk1.8.0_40\bin\java.exe
0x00000000773e0000 - 0x0000000077589000 	C:\Windows\SYSTEM32\ntdll.dll
0x00000000771c0000 - 0x00000000772e0000 	C:\Windows\system32\kernel32.dll
0x000007fefd4a0000 - 0x000007fefd50c000 	C:\Windows\system32\KERNELBASE.dll
0x000007fefd540000 - 0x000007fefd61b000 	C:\Windows\system32\ADVAPI32.dll
0x000007fefefc0000 - 0x000007feff05f000 	C:\Windows\system32\msvcrt.dll
0x000007fefdb30000 - 0x000007fefdb4f000 	C:\Windows\SYSTEM32\sechost.dll
0x000007fefddd0000 - 0x000007fefdefd000 	C:\Windows\system32\RPCRT4.dll
0x00000000772e0000 - 0x00000000773da000 	C:\Windows\system32\USER32.dll
0x000007fefdc70000 - 0x000007fefdcd7000 	C:\Windows\system32\GDI32.dll
0x000007fefdce0000 - 0x000007fefdcee000 	C:\Windows\system32\LPK.dll
0x000007feff620000 - 0x000007feff6e9000 	C:\Windows\system32\USP10.dll
0x000007fefb680000 - 0x000007fefb874000 	C:\Windows\WinSxS\amd64_microsoft.windows.common-controls_6595b64144ccf1df_6.0.7601.18837_none_fa3b1e3d17594757\COMCTL32.dll
0x000007fefef40000 - 0x000007fefefb1000 	C:\Windows\system32\SHLWAPI.dll
0x000007fefdbf0000 - 0x000007fefdc1e000 	C:\Windows\system32\IMM32.DLL
0x000007feff510000 - 0x000007feff619000 	C:\Windows\system32\MSCTF.dll
0x000000006f0f0000 - 0x000000006f1c2000 	C:\Program Files\Java\jdk1.8.0_40\jre\bin\msvcr100.dll
0x000000005c900000 - 0x000000005d183000 	C:\Program Files\Java\jdk1.8.0_40\jre\bin\server\jvm.dll
0x000007fef8680000 - 0x000007fef8689000 	C:\Windows\system32\WSOCK32.dll
0x000007fefdc20000 - 0x000007fefdc6d000 	C:\Windows\system32\WS2_32.dll
0x000007fefd8b0000 - 0x000007fefd8b8000 	C:\Windows\system32\NSI.dll
0x000007fefa7b0000 - 0x000007fefa7eb000 	C:\Windows\system32\WINMM.dll
0x000007fefc250000 - 0x000007fefc25c000 	C:\Windows\system32\VERSION.dll
0x00000000775b0000 - 0x00000000775b7000 	C:\Windows\system32\PSAPI.DLL
0x0000000067610000 - 0x000000006761f000 	C:\Program Files\Java\jdk1.8.0_40\jre\bin\verify.dll
0x000000005e800000 - 0x000000005e829000 	C:\Program Files\Java\jdk1.8.0_40\jre\bin\java.dll
0x000000005e7e0000 - 0x000000005e7f6000 	C:\Program Files\Java\jdk1.8.0_40\jre\bin\zip.dll
0x000007fefe110000 - 0x000007fefee99000 	C:\Windows\system32\SHELL32.dll
0x000007fefdf00000 - 0x000007fefe103000 	C:\Windows\system32\ole32.dll
0x000007fefd190000 - 0x000007fefd19f000 	C:\Windows\system32\profapi.dll

VM Arguments:
jvm_args: -Djava.awt.headless=true -Xmx1024M -Dfile.encoding=windows-1252 -Duser.country=IE -Duser.language=en -Duser.variant 
java_command: com.android.dx.command.Main --dex --num-threads=4 --output C:\Users\Brandon\AndroidStudioProjects\Assignment\app\build\intermediates\pre-dexed\debug\internal_impl-23.1.1_1e17ddcc6e297ce06684da6a0de46316cf59f919.jar C:\Users\Brandon\AndroidStudioProjects\Assignment\app\build\intermediates\exploded-aar\com.android.support\support-v4\23.1.1\jars\libs\internal_impl-23.1.1.jar
java_class_path (initial): C:\Users\Brandon\AppData\Local\Android\sdk\build-tools\23.0.2\lib\dx.jar
Launcher Type: SUN_STANDARD

Environment Variables:
PATH=C:\ProgramData\Oracle\Java\javapath;C:\Program Files (x86)\Common Files\Microsoft Shared\Windows Live;C:\Program Files (x86)\Intel\iCLS Client\;C:\Program Files\Intel\iCLS Client\;C:\Windows\system32;C:\Windows;C:\Windows\System32\Wbem;C:\Windows\System32\WindowsPowerShell\v1.0\;C:\Program Files\Intel\Intel(R) Management Engine Components\DAL;C:\Program Files\Intel\Intel(R) Management Engine Components\IPT;C:\Program Files (x86)\Intel\Intel(R) Management Engine Components\DAL;C:\Program Files (x86)\Intel\Intel(R) Management Engine Components\IPT;C:\Program Files\Calibre2\;C:\Program Files\Java\jdk1.8.0_40\bin\;C:\Program Files (x86)\NVIDIA Corporation\PhysX\Common;C:\Program Files\Common Files\Microsoft Shared\Windows Live
USERNAME=Brandon
OS=Windows_NT
PROCESSOR_IDENTIFIER=Intel64 Family 6 Model 60 Stepping 3, GenuineIntel



---------------  S Y S T E M  ---------------

OS: Windows 7 , 64 bit Build 7601 (6.1.7601.19045)

CPU:total 8 (4 cores per cpu, 2 threads per core) family 6 model 60 stepping 3, cmov, cx8, fxsr, mmx, sse, sse2, sse3, ssse3, sse4.1, sse4.2, popcnt, avx, avx2, aes, clmul, erms, lzcnt, ht, tsc, tscinvbit, bmi1, bmi2

Memory: 4k page, physical 8332264k(2448432k free), swap 11044840k(4972k free)

vm_info: Java HotSpot(TM) 64-Bit Server VM (25.40-b25) for windows-amd64 JRE (1.8.0_40-b26), built on Mar  7 2015 13:51:59 by "java_re" with MS VC++ 10.0 (VS2010)

time: Fri Nov 27 00:17:40 2015
elapsed time: 2 seconds (0d 0h 0m 2s)

