#
# There is insufficient memory for the Java Runtime Environment to continue.
# Native memory allocation (malloc) failed to allocate 64704 bytes for Chunk::new
# Possible reasons:
#   The system is out of physical RAM or swap space
#   In 32 bit mode, the process size limit was hit
# Possible solutions:
#   Reduce memory load on the system
#   Increase physical memory or swap space
#   Check if swap backing store is full
#   Use 64 bit Java on a 64 bit OS
#   Decrease Java heap size (-Xmx/-Xms)
#   Decrease number of Java threads
#   Decrease Java thread stack sizes (-Xss)
#   Set larger code cache with -XX:ReservedCodeCacheSize=
# This output file may be truncated or incomplete.
#
#  Out of Memory Error (allocation.cpp:390), pid=7708, tid=7676
#
# JRE version: Java(TM) SE Runtime Environment (8.0_40-b26) (build 1.8.0_40-b26)
# Java VM: Java HotSpot(TM) 64-Bit Server VM (25.40-b25 mixed mode windows-amd64 compressed oops)
# Failed to write core dump. Minidumps are not enabled by default on client versions of Windows
#

---------------  T H R E A D  ---------------

Current thread (0x00000000568b0000):  JavaThread "C2 CompilerThread0" daemon [_thread_in_native, id=7676, stack(0x0000000057800000,0x0000000057900000)]

Stack: [0x0000000057800000,0x0000000057900000]
Native frames: (J=compiled Java code, j=interpreted, Vv=VM code, C=native code)
V  [jvm.dll+0x32b47a]


Current CompileTask:
C2:   1395  880   !   4       com.android.dx.cf.code.BytecodeArray::parseInstruction (2764 bytes)


---------------  P R O C E S S  ---------------

Java Threads: ( => current thread )
  0x0000000056b34000 JavaThread "pool-1-thread-4" [_thread_blocked, id=10204, stack(0x0000000058cc0000,0x0000000058dc0000)]
  0x0000000056afc800 JavaThread "pool-1-thread-3" [_thread_blocked, id=1076, stack(0x00000000589e0000,0x0000000058ae0000)]
  0x0000000056a6b000 JavaThread "pool-1-thread-2" [_thread_blocked, id=9812, stack(0x0000000058b10000,0x0000000058c10000)]
  0x0000000056a68800 JavaThread "pool-2-thread-1" [_thread_blocked, id=7976, stack(0x0000000058570000,0x0000000058670000)]
  0x0000000056a64800 JavaThread "pool-1-thread-1" [_thread_blocked, id=5920, stack(0x0000000058870000,0x0000000058970000)]
  0x00000000568ca000 JavaThread "Service Thread" daemon [_thread_blocked, id=7884, stack(0x0000000058430000,0x0000000058530000)]
  0x00000000568be800 JavaThread "C1 CompilerThread3" daemon [_thread_blocked, id=9640, stack(0x0000000057fe0000,0x00000000580e0000)]
  0x00000000568b9800 JavaThread "C2 CompilerThread2" daemon [_thread_blocked, id=10052, stack(0x0000000058270000,0x0000000058370000)]
  0x00000000568b6000 JavaThread "C2 CompilerThread1" daemon [_thread_blocked, id=4960, stack(0x0000000058110000,0x0000000058210000)]
=>0x00000000568b0000 JavaThread "C2 CompilerThread0" daemon [_thread_in_native, id=7676, stack(0x0000000057800000,0x0000000057900000)]
  0x00000000568ae800 JavaThread "Attach Listener" daemon [_thread_blocked, id=8508, stack(0x0000000057e90000,0x0000000057f90000)]
  0x00000000568ad800 JavaThread "Signal Dispatcher" daemon [_thread_blocked, id=9212, stack(0x0000000057c90000,0x0000000057d90000)]
  0x00000000556e5800 JavaThread "Finalizer" daemon [_thread_blocked, id=7512, stack(0x0000000057b70000,0x0000000057c70000)]
  0x00000000556e4800 JavaThread "Reference Handler" daemon [_thread_blocked, id=8844, stack(0x0000000057a70000,0x0000000057b70000)]
  0x000000000049e000 JavaThread "main" [_thread_blocked, id=300, stack(0x0000000002450000,0x0000000002550000)]

Other Threads:
  0x0000000056860800 VMThread [stack: 0x0000000057920000,0x0000000057a20000] [id=8164]
  0x00000000568cd000 WatcherThread [stack: 0x0000000058710000,0x0000000058810000] [id=4720]

VM state:not at safepoint (normal execution)

VM Mutex/Monitor currently owned by a thread: None

Heap:
 PSYoungGen      total 38400K, used 22686K [0x00000000eab00000, 0x00000000ed580000, 0x0000000100000000)
  eden space 33280K, 68% used [0x00000000eab00000,0x00000000ec127868,0x00000000ecb80000)
  from space 5120K, 0% used [0x00000000ed080000,0x00000000ed080000,0x00000000ed580000)
  to   space 5120K, 0% used [0x00000000ecb80000,0x00000000ecb80000,0x00000000ed080000)
 ParOldGen       total 87552K, used 0K [0x00000000c0000000, 0x00000000c5580000, 0x00000000eab00000)
  object space 87552K, 0% used [0x00000000c0000000,0x00000000c0000000,0x00000000c5580000)
 Metaspace       used 5701K, capacity 6768K, committed 7040K, reserved 1056768K
  class space    used 587K, capacity 616K, committed 640K, reserved 1048576K

Card table byte_map: [0x0000000011be0000,0x0000000011df0000] byte_map_base: 0x00000000115e0000

Marking Bits: (ParMarkBitMap*) 0x000000005d104040
 Begin Bits: [0x0000000012b00000, 0x0000000013b00000)
 End Bits:   [0x0000000013b00000, 0x0000000014b00000)

Polling page: 0x0000000000230000

CodeCache: size=245760Kb used=3556Kb max_used=3574Kb free=242203Kb
 bounds [0x0000000002820000, 0x0000000002bb0000, 0x0000000011820000]
 total_blobs=1208 nmethods=939 adapters=182
 compilation: enabled

Compilation events (10 events):
Event: 1.246 Thread 0x00000000568be800 nmethod 931 0x0000000002b958d0 code [0x0000000002b95a20, 0x0000000002b95b30]
Event: 1.246 Thread 0x00000000568be800  942       1       com.android.dx.dex.file.DexFile::getStringIds (5 bytes)
Event: 1.246 Thread 0x00000000568be800 nmethod 942 0x0000000002b95610 code [0x0000000002b95760, 0x0000000002b95870]
Event: 1.246 Thread 0x00000000568be800  939       1       java.util.HashMap$Node::getValue (5 bytes)
Event: 1.246 Thread 0x00000000568be800 nmethod 939 0x0000000002b95350 code [0x0000000002b954a0, 0x0000000002b955b0]
Event: 1.246 Thread 0x00000000568be800  934       1       com.android.dx.cf.iface.StdMember::getDefiningClass (5 bytes)
Event: 1.246 Thread 0x00000000568be800 nmethod 934 0x0000000002b97d90 code [0x0000000002b97ee0, 0x0000000002b97ff0]
Event: 1.246 Thread 0x00000000568be800  921       1       com.android.dx.rop.cst.CstKnownNull::hashCode (3 bytes)
Event: 1.246 Thread 0x00000000568be800 nmethod 921 0x0000000002b98050 code [0x0000000002b981a0, 0x0000000002b982b0]
Event: 1.288 Thread 0x00000000568b6000 nmethod 904 0x0000000002b9ca50 code [0x0000000002b9ccc0, 0x0000000002b9e768]

GC Heap History (0 events):
No events

Deoptimization events (7 events):
Event: 0.981 Thread 0x0000000056a6b000 Uncommon trap: reason=unstable_if action=reinterpret pc=0x0000000002a26974 method=java.util.HashMap.getNode(ILjava/lang/Object;)Ljava/util/HashMap$Node; @ 62
Event: 0.991 Thread 0x0000000056a64800 Uncommon trap: reason=unstable_if action=reinterpret pc=0x0000000002a5adf8 method=java.util.TreeMap.fixAfterInsertion(Ljava/util/TreeMap$Entry;)V @ 105
Event: 0.995 Thread 0x0000000056a64800 Uncommon trap: reason=unstable_if action=reinterpret pc=0x0000000002a28a08 method=com.android.dx.rop.cst.CstFieldRef.compareTo0(Lcom/android/dx/rop/cst/Constant;)I @ 7
Event: 1.008 Thread 0x0000000056b34000 Uncommon trap: reason=unstable_if action=reinterpret pc=0x00000000029e060c method=com.android.dx.rop.cst.CstFieldRef.compareTo0(Lcom/android/dx/rop/cst/Constant;)I @ 7
Event: 1.012 Thread 0x000000000049e000 Uncommon trap: reason=unstable_if action=reinterpret pc=0x0000000002a7aee8 method=com.android.dx.rop.cst.StdConstantPool.set(ILcom/android/dx/rop/cst/Constant;)V @ 12
Event: 1.226 Thread 0x0000000056a64800 Uncommon trap: reason=class_check action=maybe_recompile pc=0x0000000002a9c440 method=com.android.dx.ssa.NormalSsaInsn.accept(Lcom/android/dx/ssa/SsaInsn$Visitor;)V @ 9
Event: 1.227 Thread 0x0000000056a64800 Uncommon trap: reason=unstable_if action=reinterpret pc=0x0000000002b59394 method=com.android.dx.rop.code.LocalItem.hashCode()I @ 25

Internal exceptions (2 events):
Event: 0.125 Thread 0x000000000049e000 Exception <a 'java/lang/NoSuchMethodError': Method sun.misc.Unsafe.defineClass(Ljava/lang/String;[BII)Ljava/lang/Class; name or signature does not match> (0x00000000eab0d680) thrown at [D:\re\workspace\8-2-build-windows-amd64-cygwin\jdk8u40\3098\hotspot\sr;®0…Çì¿?
Event: 0.125 Thread 0x000000000049e000 Exception <a 'java/lang/NoSuchMethodError': Method sun.misc.Unsafe.prefetchRead(Ljava/lang/Object;J)V name or signature does not match> (0x00000000eab0d910) thrown at [D:\re\workspace\8-2-build-windows-amd64-cygwin\jdk8u40\3098\hotspot\src\share\vm\prims\j

Events (10 events):
Event: 1.226 loading class java/util/TreeMap$EntrySet
Event: 1.226 loading class java/util/TreeMap$EntrySet done
Event: 1.226 loading class java/util/TreeMap$EntryIterator
Event: 1.226 loading class java/util/TreeMap$EntryIterator done
Event: 1.226 Thread 0x0000000056a64800 Uncommon trap: trap_request=0xffffffde fr.pc=0x0000000002a9c440
Event: 1.226 Thread 0x0000000056a64800 DEOPT PACKING pc=0x0000000002a9c440 sp=0x000000005896ebe0
Event: 1.226 Thread 0x0000000056a64800 DEOPT UNPACKING pc=0x000000000286582a sp=0x000000005896eb30 mode 2
Event: 1.227 Thread 0x0000000056a64800 Uncommon trap: trap_request=0xffffff65 fr.pc=0x0000000002b59394
Event: 1.227 Thread 0x0000000056a64800 DEOPT PACKING pc=0x0000000002b59394 sp=0x000000005896ed60
Event: 1.227 Thread 0x0000000056a64800 DEOPT UNPACKING pc=0x000000000286582a sp=0x000000005896eac8 mode 2


Dynamic libraries:
0x000000013f100000 - 0x000000013f137000 	C:\Program Files\Java\jdk1.8.0_40\bin\java.exe
0x00000000773e0000 - 0x0000000077589000 	C:\Windows\SYSTEM32\ntdll.dll
0x00000000771c0000 - 0x00000000772e0000 	C:\Windows\system32\kernel32.dll
0x000007fefd4a0000 - 0x000007fefd50c000 	C:\Windows\system32\KERNELBASE.dll
0x000007fefd540000 - 0x000007fefd61b000 	C:\Windows\system32\ADVAPI32.dll
0x000007fefefc0000 - 0x000007feff05f000 	C:\Windows\system32\msvcrt.dll
0x000007fefdb30000 - 0x000007fefdb4f000 	C:\Windows\SYSTEM32\sechost.dll
0x000007fefddd0000 - 0x000007fefdefd000 	C:\Windows\system32\RPCRT4.dll
0x00000000772e0000 - 0x00000000773da000 	C:\Windows\system32\USER32.dll
0x000007fefdc70000 - 0x000007fefdcd7000 	C:\Windows\system32\GDI32.dll
0x000007fefdce0000 - 0x000007fefdcee000 	C:\Windows\system32\LPK.dll
0x000007feff620000 - 0x000007feff6e9000 	C:\Windows\system32\USP10.dll
0x000007fefb680000 - 0x000007fefb874000 	C:\Windows\WinSxS\amd64_microsoft.windows.common-controls_6595b64144ccf1df_6.0.7601.18837_none_fa3b1e3d17594757\COMCTL32.dll
0x000007fefef40000 - 0x000007fefefb1000 	C:\Windows\system32\SHLWAPI.dll
0x000007fefdbf0000 - 0x000007fefdc1e000 	C:\Windows\system32\IMM32.DLL
0x000007feff510000 - 0x000007feff619000 	C:\Windows\system32\MSCTF.dll
0x000000006f0f0000 - 0x000000006f1c2000 	C:\Program Files\Java\jdk1.8.0_40\jre\bin\msvcr100.dll
0x000000005c900000 - 0x000000005d183000 	C:\Program Files\Java\jdk1.8.0_40\jre\bin\server\jvm.dll
0x000007fef8680000 - 0x000007fef8689000 	C:\Windows\system32\WSOCK32.dll
0x000007fefdc20000 - 0x000007fefdc6d000 	C:\Windows\system32\WS2_32.dll
0x000007fefd8b0000 - 0x000007fefd8b8000 	C:\Windows\system32\NSI.dll
0x000007fefa7b0000 - 0x000007fefa7eb000 	C:\Windows\system32\WINMM.dll
0x000007fefc250000 - 0x000007fefc25c000 	C:\Windows\system32\VERSION.dll
0x00000000775b0000 - 0x00000000775b7000 	C:\Windows\system32\PSAPI.DLL
0x0000000067610000 - 0x000000006761f000 	C:\Program Files\Java\jdk1.8.0_40\jre\bin\verify.dll
0x000000005e800000 - 0x000000005e829000 	C:\Program Files\Java\jdk1.8.0_40\jre\bin\java.dll
0x000000005e7e0000 - 0x000000005e7f6000 	C:\Program Files\Java\jdk1.8.0_40\jre\bin\zip.dll
0x000007fefe110000 - 0x000007fefee99000 	C:\Windows\system32\SHELL32.dll
0x000007fefdf00000 - 0x000007fefe103000 	C:\Windows\system32\ole32.dll
0x000007fefd190000 - 0x000007fefd19f000 	C:\Windows\system32\profapi.dll

VM Arguments:
jvm_args: -Djava.awt.headless=true -Xmx1024M -Dfile.encoding=windows-1252 -Duser.country=IE -Duser.language=en -Duser.variant 
java_command: com.android.dx.command.Main --dex --num-threads=4 --output C:\Users\Brandon\AndroidStudioProjects\Assignment\app\build\intermediates\pre-dexed\debug\debug_2aa2d4ba656e9583e2179bf24f9023afe2dadd3b.jar C:\Users\Brandon\AndroidStudioProjects\Assignment\app\build\intermediates\classes\debug
java_class_path (initial): C:\Users\Brandon\AppData\Local\Android\sdk\build-tools\23.0.2\lib\dx.jar
Launcher Type: SUN_STANDARD

Environment Variables:
PATH=C:\ProgramData\Oracle\Java\javapath;C:\Program Files (x86)\Common Files\Microsoft Shared\Windows Live;C:\Program Files (x86)\Intel\iCLS Client\;C:\Program Files\Intel\iCLS Client\;C:\Windows\system32;C:\Windows;C:\Windows\System32\Wbem;C:\Windows\System32\WindowsPowerShell\v1.0\;C:\Program Files\Intel\Intel(R) Management Engine Components\DAL;C:\Program Files\Intel\Intel(R) Management Engine Components\IPT;C:\Program Files (x86)\Intel\Intel(R) Management Engine Components\DAL;C:\Program Files (x86)\Intel\Intel(R) Management Engine Components\IPT;C:\Program Files\Calibre2\;C:\Program Files\Java\jdk1.8.0_40\bin\;C:\Program Files (x86)\NVIDIA Corporation\PhysX\Common;C:\Program Files\Common Files\Microsoft Shared\Windows Live
USERNAME=Brandon
OS=Windows_NT
PROCESSOR_IDENTIFIER=Intel64 Family 6 Model 60 Stepping 3, GenuineIntel



---------------  S Y S T E M  ---------------

OS: Windows 7 , 64 bit Build 7601 (6.1.7601.19045)

CPU:total 8 (4 cores per cpu, 2 threads per core) family 6 model 60 stepping 3, cmov, cx8, fxsr, mmx, sse, sse2, sse3, ssse3, sse4.1, sse4.2, popcnt, avx, avx2, aes, clmul, erms, lzcnt, ht, tsc, tscinvbit, bmi1, bmi2

Memory: 4k page, physical 8332264k(2448360k free), swap 11044840k(5032k free)

vm_info: Java HotSpot(TM) 64-Bit Server VM (25.40-b25) for windows-amd64 JRE (1.8.0_40-b26), built on Mar  7 2015 13:51:59 by "java_re" with MS VC++ 10.0 (VS2010)

time: Fri Nov 27 00:17:40 2015
elapsed time: 1 seconds (0d 0h 0m 1s)

