#
# There is insufficient memory for the Java Runtime Environment to continue.
# Native memory allocation (malloc) failed to allocate 32784 bytes for Chunk::new
# Possible reasons:
#   The system is out of physical RAM or swap space
#   In 32 bit mode, the process size limit was hit
# Possible solutions:
#   Reduce memory load on the system
#   Increase physical memory or swap space
#   Check if swap backing store is full
#   Use 64 bit Java on a 64 bit OS
#   Decrease Java heap size (-Xmx/-Xms)
#   Decrease number of Java threads
#   Decrease Java thread stack sizes (-Xss)
#   Set larger code cache with -XX:ReservedCodeCacheSize=
# This output file may be truncated or incomplete.
#
#  Out of Memory Error (allocation.cpp:390), pid=9440, tid=9744
#
# JRE version: Java(TM) SE Runtime Environment (8.0_40-b26) (build 1.8.0_40-b26)
# Java VM: Java HotSpot(TM) 64-Bit Server VM (25.40-b25 mixed mode windows-amd64 compressed oops)
# Failed to write core dump. Minidumps are not enabled by default on client versions of Windows
#

---------------  T H R E A D  ---------------

Current thread (0x0000000056881800):  JavaThread "C2 CompilerThread2" daemon [_thread_in_native, id=9744, stack(0x00000000581c0000,0x00000000582c0000)]

Stack: [0x00000000581c0000,0x00000000582c0000]
Native frames: (J=compiled Java code, j=interpreted, Vv=VM code, C=native code)
V  [jvm.dll+0x32b47a]


Current CompileTask:
C2:   1207 1287   !   4       com.android.dx.cf.cst.ConstantPoolParser::parse0 (731 bytes)


---------------  P R O C E S S  ---------------

Java Threads: ( => current thread )
  0x0000000056ba2000 JavaThread "pool-1-thread-4" [_thread_blocked, id=7712, stack(0x0000000059670000,0x0000000059770000)]
  0x0000000056ba1800 JavaThread "pool-1-thread-3" [_thread_blocked, id=7000, stack(0x0000000059470000,0x0000000059570000)]
  0x0000000056b9f800 JavaThread "pool-1-thread-2" [_thread_in_Java, id=7292, stack(0x00000000592b0000,0x00000000593b0000)]
  0x0000000056b91000 JavaThread "pool-2-thread-1" [_thread_blocked, id=9268, stack(0x0000000058600000,0x0000000058700000)]
  0x0000000056bb4800 JavaThread "pool-1-thread-1" [_thread_blocked, id=3176, stack(0x00000000590a0000,0x00000000591a0000)]
  0x000000005690a800 JavaThread "Service Thread" daemon [_thread_blocked, id=8656, stack(0x00000000584c0000,0x00000000585c0000)]
  0x0000000056897800 JavaThread "C1 CompilerThread3" daemon [_thread_in_native, id=9488, stack(0x0000000058340000,0x0000000058440000)]
=>0x0000000056881800 JavaThread "C2 CompilerThread2" daemon [_thread_in_native, id=9744, stack(0x00000000581c0000,0x00000000582c0000)]
  0x0000000056877000 JavaThread "C2 CompilerThread1" daemon [_thread_in_native, id=5584, stack(0x0000000058000000,0x0000000058100000)]
  0x0000000056871000 JavaThread "C2 CompilerThread0" daemon [_thread_in_native, id=7556, stack(0x0000000057e70000,0x0000000057f70000)]
  0x000000005686f800 JavaThread "Attach Listener" daemon [_thread_blocked, id=9468, stack(0x0000000057d70000,0x0000000057e70000)]
  0x000000005686e000 JavaThread "Signal Dispatcher" daemon [_thread_blocked, id=9792, stack(0x0000000057c50000,0x0000000057d50000)]
  0x00000000556a7800 JavaThread "Finalizer" daemon [_thread_blocked, id=8960, stack(0x0000000057ae0000,0x0000000057be0000)]
  0x00000000556a6800 JavaThread "Reference Handler" daemon [_thread_blocked, id=10020, stack(0x00000000579b0000,0x0000000057ab0000)]
  0x000000000018e800 JavaThread "main" [_thread_blocked, id=9236, stack(0x0000000002360000,0x0000000002460000)]

Other Threads:
  0x0000000056820800 VMThread [stack: 0x00000000577a0000,0x00000000578a0000] [id=9648]
  0x000000005690d800 WatcherThread [stack: 0x0000000058720000,0x0000000058820000] [id=8016]

VM state:not at safepoint (normal execution)

VM Mutex/Monitor currently owned by a thread: None

Heap:
 PSYoungGen      total 71680K, used 7741K [0x00000000eab00000, 0x00000000ef600000, 0x0000000100000000)
  eden space 66560K, 3% used [0x00000000eab00000,0x00000000ead90c70,0x00000000eec00000)
  from space 5120K, 99% used [0x00000000ef100000,0x00000000ef5fe820,0x00000000ef600000)
  to   space 5120K, 0% used [0x00000000eec00000,0x00000000eec00000,0x00000000ef100000)
 ParOldGen       total 87552K, used 3463K [0x00000000c0000000, 0x00000000c5580000, 0x00000000eab00000)
  object space 87552K, 3% used [0x00000000c0000000,0x00000000c0361f68,0x00000000c5580000)
 Metaspace       used 6003K, capacity 6960K, committed 7040K, reserved 1056768K
  class space    used 594K, capacity 616K, committed 640K, reserved 1048576K

Card table byte_map: [0x0000000011af0000,0x0000000011d00000] byte_map_base: 0x00000000114f0000

Marking Bits: (ParMarkBitMap*) 0x000000005d104040
 Begin Bits: [0x0000000012ac0000, 0x0000000013ac0000)
 End Bits:   [0x0000000013ac0000, 0x0000000014ac0000)

Polling page: 0x0000000000130000

CodeCache: size=245760Kb used=4646Kb max_used=4654Kb free=241114Kb
 bounds [0x0000000002730000, 0x0000000002bd0000, 0x0000000011730000]
 total_blobs=1524 nmethods=1254 adapters=182
 compilation: enabled

Compilation events (10 events):
Event: 0.971 Thread 0x0000000056877000 nmethod 1232 0x0000000002b0d550 code [0x0000000002b0d680, 0x0000000002b0d6f8]
Event: 0.971 Thread 0x0000000056877000 1136       4       com.android.dx.ssa.SCCP::addBlockToWorklist (47 bytes)
Event: 0.982 Thread 0x0000000056877000 nmethod 1136 0x0000000002bac890 code [0x0000000002baca20, 0x0000000002bad268]
Event: 0.982 Thread 0x0000000056877000 1273       4       com.android.dx.ssa.SsaRenamer$BlockRenamer::process (191 bytes)
Event: 1.039 Thread 0x0000000056881800 nmethod 1146 0x0000000002bb7c50 code [0x0000000002bb7fe0, 0x0000000002bbaa00]
Event: 1.039 Thread 0x0000000056881800 1283   !   4       com.android.dx.rop.code.BasicBlock::<init> (273 bytes)
Event: 1.046 Thread 0x0000000056881800 nmethod 1283 0x0000000002bb4f50 code [0x0000000002bb50c0, 0x0000000002bb56f8]
Event: 1.046 Thread 0x0000000056881800 1294       4       java.util.AbstractMap::<init> (5 bytes)
Event: 1.046 Thread 0x0000000056881800 nmethod 1294 0x0000000002b667d0 code [0x0000000002b66900, 0x0000000002b66958]
Event: 1.046 Thread 0x0000000056881800 1287   !   4       com.android.dx.cf.cst.ConstantPoolParser::parse0 (731 bytes)

GC Heap History (4 events):
Event: 0.642 GC heap before
{Heap before GC invocations=1 (full 0):
 PSYoungGen      total 38400K, used 33280K [0x00000000eab00000, 0x00000000ed580000, 0x0000000100000000)
  eden space 33280K, 100% used [0x00000000eab00000,0x00000000ecb80000,0x00000000ecb80000)
  from space 5120K, 0% used [0x00000000ed080000,0x00000000ed080000,0x00000000ed580000)
  to   space 5120K, 0% used [0x00000000ecb80000,0x00000000ecb80000,0x00000000ed080000)
 ParOldGen       total 87552K, used 0K [0x00000000c0000000, 0x00000000c5580000, 0x00000000eab00000)
  object space 87552K, 0% used [0x00000000c0000000,0x00000000c0000000,0x00000000c5580000)
 Metaspace       used 5753K, capacity 6768K, committed 7040K, reserved 1056768K
  class space    used 591K, capacity 616K, committed 640K, reserved 1048576K
Event: 0.701 GC heap after
Heap after GC invocations=1 (full 0):
 PSYoungGen      total 38400K, used 4982K [0x00000000eab00000, 0x00000000ef600000, 0x0000000100000000)
  eden space 33280K, 0% used [0x00000000eab00000,0x00000000eab00000,0x00000000ecb80000)
  from space 5120K, 97% used [0x00000000ecb80000,0x00000000ed05d9d8,0x00000000ed080000)
  to   space 5120K, 0% used [0x00000000ef100000,0x00000000ef100000,0x00000000ef600000)
 ParOldGen       total 87552K, used 8K [0x00000000c0000000, 0x00000000c5580000, 0x00000000eab00000)
  object space 87552K, 0% used [0x00000000c0000000,0x00000000c0002000,0x00000000c5580000)
 Metaspace       used 5753K, capacity 6768K, committed 7040K, reserved 1056768K
  class space    used 591K, capacity 616K, committed 640K, reserved 1048576K
}
Event: 1.048 GC heap before
{Heap before GC invocations=2 (full 0):
 PSYoungGen      total 38400K, used 38262K [0x00000000eab00000, 0x00000000ef600000, 0x0000000100000000)
  eden space 33280K, 100% used [0x00000000eab00000,0x00000000ecb80000,0x00000000ecb80000)
  from space 5120K, 97% used [0x00000000ecb80000,0x00000000ed05d9d8,0x00000000ed080000)
  to   space 5120K, 0% used [0x00000000ef100000,0x00000000ef100000,0x00000000ef600000)
 ParOldGen       total 87552K, used 8K [0x00000000c0000000, 0x00000000c5580000, 0x00000000eab00000)
  object space 87552K, 0% used [0x00000000c0000000,0x00000000c0002000,0x00000000c5580000)
 Metaspace       used 5996K, capacity 6960K, committed 7040K, reserved 1056768K
  class space    used 593K, capacity 616K, committed 640K, reserved 1048576K
Event: 1.189 GC heap after
Heap after GC invocations=2 (full 0):
 PSYoungGen      total 71680K, used 5114K [0x00000000eab00000, 0x00000000ef600000, 0x0000000100000000)
  eden space 66560K, 0% used [0x00000000eab00000,0x00000000eab00000,0x00000000eec00000)
  from space 5120K, 99% used [0x00000000ef100000,0x00000000ef5fe820,0x00000000ef600000)
  to   space 5120K, 0% used [0x00000000eec00000,0x00000000eec00000,0x00000000ef100000)
 ParOldGen       total 87552K, used 3463K [0x00000000c0000000, 0x00000000c5580000, 0x00000000eab00000)
  object space 87552K, 3% used [0x00000000c0000000,0x00000000c0361f68,0x00000000c5580000)
 Metaspace       used 5996K, capacity 6960K, committed 7040K, reserved 1056768K
  class space    used 593K, capacity 616K, committed 640K, reserved 1048576K
}

Deoptimization events (10 events):
Event: 0.793 Thread 0x0000000056bb4800 Uncommon trap: reason=unstable_if action=reinterpret pc=0x0000000002a90d10 method=com.android.dx.util.LabeledList.set(ILcom/android/dx/util/LabeledItem;)V @ 16
Event: 0.803 Thread 0x0000000056b9f800 Uncommon trap: reason=unstable_if action=reinterpret pc=0x000000000298e604 method=com.android.dx.rop.cst.Constant.compareTo(Lcom/android/dx/rop/cst/Constant;)I @ 12
Event: 0.832 Thread 0x0000000056b9f800 Uncommon trap: reason=null_check action=make_not_entrant pc=0x0000000002a17410 method=com.android.dx.ssa.SsaRenamer.getLocalForNewReg(I)Lcom/android/dx/rop/code/LocalItem; @ 19
Event: 1.008 Thread 0x0000000056ba2000 Uncommon trap: reason=class_check action=maybe_recompile pc=0x00000000029feab4 method=com.android.dx.rop.type.Type.equals(Ljava/lang/Object;)Z @ 8
Event: 1.008 Thread 0x0000000056ba2000 Uncommon trap: reason=class_check action=maybe_recompile pc=0x00000000029feab4 method=com.android.dx.rop.type.Type.equals(Ljava/lang/Object;)Z @ 8
Event: 1.008 Thread 0x0000000056ba2000 Uncommon trap: reason=class_check action=maybe_recompile pc=0x00000000029feab4 method=com.android.dx.rop.type.Type.equals(Ljava/lang/Object;)Z @ 8
Event: 1.008 Thread 0x0000000056ba2000 Uncommon trap: reason=class_check action=maybe_recompile pc=0x0000000002997a8c method=com.android.dx.rop.type.Type.equals(Ljava/lang/Object;)Z @ 8
Event: 1.028 Thread 0x0000000056b9f800 Uncommon trap: reason=unstable_if action=reinterpret pc=0x0000000002a1139c method=com.android.dx.rop.code.RegisterSpecSet.put(Lcom/android/dx/rop/code/RegisterSpec;)V @ 77
Event: 1.028 Thread 0x0000000056b9f800 Uncommon trap: reason=unstable_if action=reinterpret pc=0x0000000002a1288c method=com.android.dx.rop.code.RegisterSpecSet.put(Lcom/android/dx/rop/code/RegisterSpec;)V @ 77
Event: 1.037 Thread 0x000000000018e800 Uncommon trap: reason=unstable_if action=reinterpret pc=0x0000000002a599cc method=com.android.dx.ssa.SsaMethod.updateOneDefinition(Lcom/android/dx/ssa/SsaInsn;Lcom/android/dx/rop/code/RegisterSpec;)V @ 4

Internal exceptions (4 events):
Event: 0.030 Thread 0x000000000018e800 Exception <a 'java/lang/NoSuchMethodError': Method sun.misc.Unsafe.defineClass(Ljava/lang/String;[BII)Ljava/lang/Class; name or signature does not match> (0x00000000eab0d730) thrown at [D:\re\workspace\8-2-build-windows-amd64-cygwin\jdk8u40\3098\hotspot\srÔÍ9ç¡û?
Event: 0.030 Thread 0x000000000018e800 Exception <a 'java/lang/NoSuchMethodError': Method sun.misc.Unsafe.prefetchRead(Ljava/lang/Object;J)V name or signature does not match> (0x00000000eab0d9c0) thrown at [D:\re\workspace\8-2-build-windows-amd64-cygwin\jdk8u40\3098\hotspot\src\share\vm\prims\jB‘]£ıöË?
Event: 0.769 Thread 0x0000000056bb4800 Implicit null exception at 0x00000000029fa912 to 0x00000000029faa15
Event: 0.832 Thread 0x0000000056b9f800 Implicit null exception at 0x0000000002a14149 to 0x0000000002a173cd

Events (10 events):
Event: 1.028 Thread 0x0000000056b9f800 DEOPT UNPACKING pc=0x000000000277582a sp=0x00000000593ae840 mode 2
Event: 1.031 loading class com/android/dx/cf/attrib/AttExceptions
Event: 1.031 loading class com/android/dx/cf/attrib/AttExceptions done
Event: 1.036 loading class com/android/dx/rop/code/RegOps
Event: 1.036 loading class com/android/dx/rop/code/RegOps done
Event: 1.037 Thread 0x000000000018e800 Uncommon trap: trap_request=0xffffff65 fr.pc=0x0000000002a599cc
Event: 1.037 Thread 0x000000000018e800 DEOPT PACKING pc=0x0000000002a599cc sp=0x000000000245e050
Event: 1.037 Thread 0x000000000018e800 DEOPT UNPACKING pc=0x000000000277582a sp=0x000000000245dff8 mode 2
Event: 1.048 Executing VM operation: ParallelGCFailedAllocation
Event: 1.189 Executing VM operation: ParallelGCFailedAllocation done


Dynamic libraries:
0x000000013fd90000 - 0x000000013fdc7000 	C:\Program Files\Java\jdk1.8.0_40\bin\java.exe
0x00000000773e0000 - 0x0000000077589000 	C:\Windows\SYSTEM32\ntdll.dll
0x00000000771c0000 - 0x00000000772e0000 	C:\Windows\system32\kernel32.dll
0x000007fefd4a0000 - 0x000007fefd50c000 	C:\Windows\system32\KERNELBASE.dll
0x000007fefd540000 - 0x000007fefd61b000 	C:\Windows\system32\ADVAPI32.dll
0x000007fefefc0000 - 0x000007feff05f000 	C:\Windows\system32\msvcrt.dll
0x000007fefdb30000 - 0x000007fefdb4f000 	C:\Windows\SYSTEM32\sechost.dll
0x000007fefddd0000 - 0x000007fefdefd000 	C:\Windows\system32\RPCRT4.dll
0x00000000772e0000 - 0x00000000773da000 	C:\Windows\system32\USER32.dll
0x000007fefdc70000 - 0x000007fefdcd7000 	C:\Windows\system32\GDI32.dll
0x000007fefdce0000 - 0x000007fefdcee000 	C:\Windows\system32\LPK.dll
0x000007feff620000 - 0x000007feff6e9000 	C:\Windows\system32\USP10.dll
0x000007fefb680000 - 0x000007fefb874000 	C:\Windows\WinSxS\amd64_microsoft.windows.common-controls_6595b64144ccf1df_6.0.7601.18837_none_fa3b1e3d17594757\COMCTL32.dll
0x000007fefef40000 - 0x000007fefefb1000 	C:\Windows\system32\SHLWAPI.dll
0x000007fefdbf0000 - 0x000007fefdc1e000 	C:\Windows\system32\IMM32.DLL
0x000007feff510000 - 0x000007feff619000 	C:\Windows\system32\MSCTF.dll
0x000000006f0f0000 - 0x000000006f1c2000 	C:\Program Files\Java\jdk1.8.0_40\jre\bin\msvcr100.dll
0x000000005c900000 - 0x000000005d183000 	C:\Program Files\Java\jdk1.8.0_40\jre\bin\server\jvm.dll
0x000007fef8680000 - 0x000007fef8689000 	C:\Windows\system32\WSOCK32.dll
0x000007fefdc20000 - 0x000007fefdc6d000 	C:\Windows\system32\WS2_32.dll
0x000007fefd8b0000 - 0x000007fefd8b8000 	C:\Windows\system32\NSI.dll
0x000007fefa7b0000 - 0x000007fefa7eb000 	C:\Windows\system32\WINMM.dll
0x000007fefc250000 - 0x000007fefc25c000 	C:\Windows\system32\VERSION.dll
0x00000000775b0000 - 0x00000000775b7000 	C:\Windows\system32\PSAPI.DLL
0x0000000067610000 - 0x000000006761f000 	C:\Program Files\Java\jdk1.8.0_40\jre\bin\verify.dll
0x000000005e800000 - 0x000000005e829000 	C:\Program Files\Java\jdk1.8.0_40\jre\bin\java.dll
0x000000005e7e0000 - 0x000000005e7f6000 	C:\Program Files\Java\jdk1.8.0_40\jre\bin\zip.dll
0x000007fefe110000 - 0x000007fefee99000 	C:\Windows\system32\SHELL32.dll
0x000007fefdf00000 - 0x000007fefe103000 	C:\Windows\system32\ole32.dll
0x000007fefd190000 - 0x000007fefd19f000 	C:\Windows\system32\profapi.dll

VM Arguments:
jvm_args: -Djava.awt.headless=true -Xmx1024M -Dfile.encoding=windows-1252 -Duser.country=IE -Duser.language=en -Duser.variant 
java_command: com.android.dx.command.Main --dex --num-threads=4 --output C:\Users\Brandon\AndroidStudioProjects\Assignment\app\build\intermediates\pre-dexed\debug\com.android.support-support-v4-23.1.1_490f35354d9fdb897da14f19ee58393869c8a34a.jar C:\Users\Brandon\AndroidStudioProjects\Assignment\app\build\intermediates\exploded-aar\com.android.support\support-v4\23.1.1\jars\classes.jar
java_class_path (initial): C:\Users\Brandon\AppData\Local\Android\sdk\build-tools\23.0.2\lib\dx.jar
Launcher Type: SUN_STANDARD

Environment Variables:
PATH=C:\ProgramData\Oracle\Java\javapath;C:\Program Files (x86)\Common Files\Microsoft Shared\Windows Live;C:\Program Files (x86)\Intel\iCLS Client\;C:\Program Files\Intel\iCLS Client\;C:\Windows\system32;C:\Windows;C:\Windows\System32\Wbem;C:\Windows\System32\WindowsPowerShell\v1.0\;C:\Program Files\Intel\Intel(R) Management Engine Components\DAL;C:\Program Files\Intel\Intel(R) Management Engine Components\IPT;C:\Program Files (x86)\Intel\Intel(R) Management Engine Components\DAL;C:\Program Files (x86)\Intel\Intel(R) Management Engine Components\IPT;C:\Program Files\Calibre2\;C:\Program Files\Java\jdk1.8.0_40\bin\;C:\Program Files (x86)\NVIDIA Corporation\PhysX\Common;C:\Program Files\Common Files\Microsoft Shared\Windows Live
USERNAME=Brandon
OS=Windows_NT
PROCESSOR_IDENTIFIER=Intel64 Family 6 Model 60 Stepping 3, GenuineIntel



---------------  S Y S T E M  ---------------

OS: Windows 7 , 64 bit Build 7601 (6.1.7601.19045)

CPU:total 8 (4 cores per cpu, 2 threads per core) family 6 model 60 stepping 3, cmov, cx8, fxsr, mmx, sse, sse2, sse3, ssse3, sse4.1, sse4.2, popcnt, avx, avx2, aes, clmul, erms, lzcnt, ht, tsc, tscinvbit, bmi1, bmi2

Memory: 4k page, physical 8332264k(1971424k free), swap 11044840k(5064k free)

vm_info: Java HotSpot(TM) 64-Bit Server VM (25.40-b25) for windows-amd64 JRE (1.8.0_40-b26), built on Mar  7 2015 13:51:59 by "java_re" with MS VC++ 10.0 (VS2010)

time: Fri Nov 27 02:04:24 2015
elapsed time: 1 seconds (0d 0h 0m 1s)

