#
# There is insufficient memory for the Java Runtime Environment to continue.
# Native memory allocation (malloc) failed to allocate 36400 bytes for Chunk::new
# Possible reasons:
#   The system is out of physical RAM or swap space
#   In 32 bit mode, the process size limit was hit
# Possible solutions:
#   Reduce memory load on the system
#   Increase physical memory or swap space
#   Check if swap backing store is full
#   Use 64 bit Java on a 64 bit OS
#   Decrease Java heap size (-Xmx/-Xms)
#   Decrease number of Java threads
#   Decrease Java thread stack sizes (-Xss)
#   Set larger code cache with -XX:ReservedCodeCacheSize=
# This output file may be truncated or incomplete.
#
#  Out of Memory Error (allocation.cpp:390), pid=9948, tid=6940
#
# JRE version: Java(TM) SE Runtime Environment (8.0_40-b26) (build 1.8.0_40-b26)
# Java VM: Java HotSpot(TM) 64-Bit Server VM (25.40-b25 mixed mode windows-amd64 compressed oops)
# Failed to write core dump. Minidumps are not enabled by default on client versions of Windows
#

---------------  T H R E A D  ---------------

Current thread (0x00000000565a6000):  JavaThread "C2 CompilerThread1" daemon [_thread_in_native, id=6940, stack(0x0000000057e60000,0x0000000057f60000)]

Stack: [0x0000000057e60000,0x0000000057f60000]
Native frames: (J=compiled Java code, j=interpreted, Vv=VM code, C=native code)
V  [jvm.dll+0x32b47a]


Current CompileTask:
C2:   1892 1184       4       com.android.dx.ssa.SsaMethod::bitSetFromLabelList (47 bytes)


---------------  P R O C E S S  ---------------

Java Threads: ( => current thread )
  0x000000005681d800 JavaThread "pool-1-thread-4" [_thread_blocked, id=8464, stack(0x0000000059620000,0x0000000059720000)]
  0x0000000056818800 JavaThread "pool-1-thread-3" [_thread_in_vm, id=7480, stack(0x00000000593a0000,0x00000000594a0000)]
  0x0000000056818000 JavaThread "pool-1-thread-2" [_thread_blocked, id=10176, stack(0x0000000059240000,0x0000000059340000)]
  0x0000000056816000 JavaThread "pool-2-thread-1" [_thread_blocked, id=8048, stack(0x0000000059070000,0x0000000059170000)]
  0x000000005680f800 JavaThread "pool-1-thread-1" [_thread_blocked, id=1748, stack(0x0000000058560000,0x0000000058660000)]
  0x00000000565ba000 JavaThread "Service Thread" daemon [_thread_blocked, id=7848, stack(0x0000000058420000,0x0000000058520000)]
  0x00000000565ae800 JavaThread "C1 CompilerThread3" daemon [_thread_in_vm, id=7616, stack(0x0000000058210000,0x0000000058310000)]
  0x00000000565a9000 JavaThread "C2 CompilerThread2" daemon [_thread_in_native, id=8224, stack(0x0000000058030000,0x0000000058130000)]
=>0x00000000565a6000 JavaThread "C2 CompilerThread1" daemon [_thread_in_native, id=6940, stack(0x0000000057e60000,0x0000000057f60000)]
  0x00000000565a2000 JavaThread "C2 CompilerThread0" daemon [_thread_in_native, id=9436, stack(0x0000000057cd0000,0x0000000057dd0000)]
  0x000000005659e800 JavaThread "Attach Listener" daemon [_thread_blocked, id=7236, stack(0x0000000057b20000,0x0000000057c20000)]
  0x000000005659d000 JavaThread "Signal Dispatcher" daemon [_thread_blocked, id=9792, stack(0x0000000057990000,0x0000000057a90000)]
  0x0000000055705000 JavaThread "Finalizer" daemon [_thread_blocked, id=1120, stack(0x00000000577e0000,0x00000000578e0000)]
  0x0000000055704800 JavaThread "Reference Handler" daemon [_thread_blocked, id=7988, stack(0x00000000574d0000,0x00000000575d0000)]
  0x000000000218e000 JavaThread "main" [_thread_blocked, id=8964, stack(0x00000000022a0000,0x00000000023a0000)]

Other Threads:
  0x0000000056552000 VMThread [stack: 0x0000000057680000,0x0000000057780000] [id=10076]
  0x00000000565bf000 WatcherThread [stack: 0x0000000058680000,0x0000000058780000] [id=8324]

VM state:not at safepoint (normal execution)

VM Mutex/Monitor currently owned by a thread: None

Heap:
 PSYoungGen      total 38400K, used 9576K [0x00000000eab00000, 0x00000000ed580000, 0x0000000100000000)
  eden space 33280K, 13% used [0x00000000eab00000,0x00000000eaf5dc00,0x00000000ecb80000)
  from space 5120K, 99% used [0x00000000ecb80000,0x00000000ed07c6e0,0x00000000ed080000)
  to   space 5120K, 0% used [0x00000000ed080000,0x00000000ed080000,0x00000000ed580000)
 ParOldGen       total 87552K, used 910K [0x00000000c0000000, 0x00000000c5580000, 0x00000000eab00000)
  object space 87552K, 1% used [0x00000000c0000000,0x00000000c00e38c0,0x00000000c5580000)
 Metaspace       used 5951K, capacity 6896K, committed 7040K, reserved 1056768K
  class space    used 594K, capacity 616K, committed 640K, reserved 1048576K

Card table byte_map: [0x0000000011a30000,0x0000000011c40000] byte_map_base: 0x0000000011430000

Marking Bits: (ParMarkBitMap*) 0x000000005d104040
 Begin Bits: [0x0000000012b20000, 0x0000000013b20000)
 End Bits:   [0x0000000013b20000, 0x0000000014b20000)

Polling page: 0x0000000000330000

CodeCache: size=245760Kb used=4524Kb max_used=4524Kb free=241235Kb
 bounds [0x0000000002670000, 0x0000000002ae0000, 0x0000000011670000]
 total_blobs=1442 nmethods=1169 adapters=185
 compilation: disabled (not enough contiguous free space left)

Compilation events (10 events):
Event: 1.889 Thread 0x00000000565ae800 nmethod 1179 0x0000000002ad6e90 code [0x0000000002ad7100, 0x0000000002ad7ea8]
Event: 1.889 Thread 0x00000000565ae800 1174       3       com.android.dx.rop.type.StdTypeList::set (7 bytes)
Event: 1.890 Thread 0x00000000565ae800 nmethod 1174 0x0000000002ad1710 code [0x0000000002ad18e0, 0x0000000002ad20a8]
Event: 1.890 Thread 0x00000000565ae800 1183       3       com.android.dx.dex.code.RopTranslator$TranslationVisitor::getNextMoveResultPseudo (55 bytes)
Event: 1.890 Thread 0x00000000565ae800 nmethod 1183 0x0000000002ad8590 code [0x0000000002ad8740, 0x0000000002ad8ff8]
Event: 1.890 Thread 0x00000000565ae800 1168       3       com.android.dx.dex.code.RopTranslator$1::visitPlainCstInsn (64 bytes)
Event: 1.890 Thread 0x00000000565ae800 nmethod 1168 0x0000000002ad9250 code [0x0000000002ad93e0, 0x0000000002ad9b90]
Event: 1.890 Thread 0x00000000565ae800 1169       3       com.android.dx.dex.code.RopTranslator$LocalVariableAwareTranslationVisitor::visitPlainCstInsn (11 bytes)
Event: 1.891 Thread 0x00000000565ae800 nmethod 1169 0x0000000002ad9d90 code [0x0000000002ad9fa0, 0x0000000002adaad8]
Event: 1.891 Thread 0x00000000565ae800 1170       3       com.android.dx.dex.code.RopTranslator$TranslationVisitor::visitPlainCstInsn (161 bytes)

GC Heap History (2 events):
Event: 1.434 GC heap before
{Heap before GC invocations=1 (full 0):
 PSYoungGen      total 38400K, used 33280K [0x00000000eab00000, 0x00000000ed580000, 0x0000000100000000)
  eden space 33280K, 100% used [0x00000000eab00000,0x00000000ecb80000,0x00000000ecb80000)
  from space 5120K, 0% used [0x00000000ed080000,0x00000000ed080000,0x00000000ed580000)
  to   space 5120K, 0% used [0x00000000ecb80000,0x00000000ecb80000,0x00000000ed080000)
 ParOldGen       total 87552K, used 0K [0x00000000c0000000, 0x00000000c5580000, 0x00000000eab00000)
  object space 87552K, 0% used [0x00000000c0000000,0x00000000c0000000,0x00000000c5580000)
 Metaspace       used 5905K, capacity 6832K, committed 7040K, reserved 1056768K
  class space    used 594K, capacity 616K, committed 640K, reserved 1048576K
Event: 1.765 GC heap after
Heap after GC invocations=1 (full 0):
 PSYoungGen      total 38400K, used 5105K [0x00000000eab00000, 0x00000000ed580000, 0x0000000100000000)
  eden space 33280K, 0% used [0x00000000eab00000,0x00000000eab00000,0x00000000ecb80000)
  from space 5120K, 99% used [0x00000000ecb80000,0x00000000ed07c6e0,0x00000000ed080000)
  to   space 5120K, 0% used [0x00000000ed080000,0x00000000ed080000,0x00000000ed580000)
 ParOldGen       total 87552K, used 910K [0x00000000c0000000, 0x00000000c5580000, 0x00000000eab00000)
  object space 87552K, 1% used [0x00000000c0000000,0x00000000c00e38c0,0x00000000c5580000)
 Metaspace       used 5905K, capacity 6832K, committed 7040K, reserved 1056768K
  class space    used 594K, capacity 616K, committed 640K, reserved 1048576K
}

Deoptimization events (2 events):
Event: 0.463 Thread 0x000000000218e000 Uncommon trap: reason=unstable_if action=reinterpret pc=0x00000000027c2f08 method=java.lang.String.indexOf(II)I @ 49
Event: 1.420 Thread 0x0000000056818800 Uncommon trap: reason=unstable_if action=reinterpret pc=0x00000000028bf370 method=com.android.dx.rop.code.RegisterSpec.equals(ILcom/android/dx/rop/type/TypeBearer;Lcom/android/dx/rop/code/LocalItem;)Z @ 42

Internal exceptions (2 events):
Event: 0.039 Thread 0x000000000218e000 Exception <a 'java/lang/NoSuchMethodError': Method sun.misc.Unsafe.defineClass(Ljava/lang/String;[BII)Ljava/lang/Class; name or signature does not match> (0x00000000eab0d5b8) thrown at [D:\re\workspace\8-2-build-windows-amd64-cygwin\jdk8u40\3098\hotspot\srBдсDд?
Event: 0.040 Thread 0x000000000218e000 Exception <a 'java/lang/NoSuchMethodError': Method sun.misc.Unsafe.prefetchRead(Ljava/lang/Object;J)V name or signature does not match> (0x00000000eab0d848) thrown at [D:\re\workspace\8-2-build-windows-amd64-cygwin\jdk8u40\3098\hotspot\src\share\vm\prims\j

Events (10 events):
Event: 1.308 loading class com/android/dx/cf/code/SwitchList done
Event: 1.329 loading class com/android/dx/dex/file/FieldAnnotationStruct
Event: 1.329 loading class com/android/dx/dex/file/FieldAnnotationStruct done
Event: 1.412 loading class java/util/DualPivotQuicksort
Event: 1.412 loading class java/util/DualPivotQuicksort done
Event: 1.420 Thread 0x0000000056818800 Uncommon trap: trap_request=0xffffff65 fr.pc=0x00000000028bf370
Event: 1.420 Thread 0x0000000056818800 DEOPT PACKING pc=0x00000000028bf370 sp=0x000000005949eb60
Event: 1.420 Thread 0x0000000056818800 DEOPT UNPACKING pc=0x00000000026b582a sp=0x000000005949eae8 mode 2
Event: 1.423 Executing VM operation: ParallelGCFailedAllocation
Event: 1.765 Executing VM operation: ParallelGCFailedAllocation done


Dynamic libraries:
0x000000013f100000 - 0x000000013f137000 	C:\Program Files\Java\jdk1.8.0_40\bin\java.exe
0x00000000773e0000 - 0x0000000077589000 	C:\Windows\SYSTEM32\ntdll.dll
0x00000000771c0000 - 0x00000000772e0000 	C:\Windows\system32\kernel32.dll
0x000007fefd4a0000 - 0x000007fefd50c000 	C:\Windows\system32\KERNELBASE.dll
0x000007fefd540000 - 0x000007fefd61b000 	C:\Windows\system32\ADVAPI32.dll
0x000007fefefc0000 - 0x000007feff05f000 	C:\Windows\system32\msvcrt.dll
0x000007fefdb30000 - 0x000007fefdb4f000 	C:\Windows\SYSTEM32\sechost.dll
0x000007fefddd0000 - 0x000007fefdefd000 	C:\Windows\system32\RPCRT4.dll
0x00000000772e0000 - 0x00000000773da000 	C:\Windows\system32\USER32.dll
0x000007fefdc70000 - 0x000007fefdcd7000 	C:\Windows\system32\GDI32.dll
0x000007fefdce0000 - 0x000007fefdcee000 	C:\Windows\system32\LPK.dll
0x000007feff620000 - 0x000007feff6e9000 	C:\Windows\system32\USP10.dll
0x000007fefb680000 - 0x000007fefb874000 	C:\Windows\WinSxS\amd64_microsoft.windows.common-controls_6595b64144ccf1df_6.0.7601.18837_none_fa3b1e3d17594757\COMCTL32.dll
0x000007fefef40000 - 0x000007fefefb1000 	C:\Windows\system32\SHLWAPI.dll
0x000007fefdbf0000 - 0x000007fefdc1e000 	C:\Windows\system32\IMM32.DLL
0x000007feff510000 - 0x000007feff619000 	C:\Windows\system32\MSCTF.dll
0x000000006f0f0000 - 0x000000006f1c2000 	C:\Program Files\Java\jdk1.8.0_40\jre\bin\msvcr100.dll
0x000000005c900000 - 0x000000005d183000 	C:\Program Files\Java\jdk1.8.0_40\jre\bin\server\jvm.dll
0x000007fef8680000 - 0x000007fef8689000 	C:\Windows\system32\WSOCK32.dll
0x000007fefdc20000 - 0x000007fefdc6d000 	C:\Windows\system32\WS2_32.dll
0x000007fefd8b0000 - 0x000007fefd8b8000 	C:\Windows\system32\NSI.dll
0x000007fefa7b0000 - 0x000007fefa7eb000 	C:\Windows\system32\WINMM.dll
0x000007fefc250000 - 0x000007fefc25c000 	C:\Windows\system32\VERSION.dll
0x00000000775b0000 - 0x00000000775b7000 	C:\Windows\system32\PSAPI.DLL
0x0000000067610000 - 0x000000006761f000 	C:\Program Files\Java\jdk1.8.0_40\jre\bin\verify.dll
0x000000005e800000 - 0x000000005e829000 	C:\Program Files\Java\jdk1.8.0_40\jre\bin\java.dll
0x000000005e7e0000 - 0x000000005e7f6000 	C:\Program Files\Java\jdk1.8.0_40\jre\bin\zip.dll
0x000007fefe110000 - 0x000007fefee99000 	C:\Windows\system32\SHELL32.dll
0x000007fefdf00000 - 0x000007fefe103000 	C:\Windows\system32\ole32.dll
0x000007fefd190000 - 0x000007fefd19f000 	C:\Windows\system32\profapi.dll

VM Arguments:
jvm_args: -Djava.awt.headless=true -Xmx1024M -Dfile.encoding=windows-1252 -Duser.country=IE -Duser.language=en -Duser.variant 
java_command: com.android.dx.command.Main --dex --num-threads=4 --output C:\Users\Brandon\AndroidStudioProjects\Assignment\app\build\intermediates\pre-dexed\debug\com.android.support-appcompat-v7-23.1.1_3fd732ba7b1ec9557caa52edad80a6aee4a17fe0.jar C:\Users\Brandon\AndroidStudioProjects\Assignment\app\build\intermediates\exploded-aar\com.android.support\appcompat-v7\23.1.1\jars\classes.jar
java_class_path (initial): C:\Users\Brandon\AppData\Local\Android\sdk\build-tools\23.0.2\lib\dx.jar
Launcher Type: SUN_STANDARD

Environment Variables:
PATH=C:\ProgramData\Oracle\Java\javapath;C:\Program Files (x86)\Common Files\Microsoft Shared\Windows Live;C:\Program Files (x86)\Intel\iCLS Client\;C:\Program Files\Intel\iCLS Client\;C:\Windows\system32;C:\Windows;C:\Windows\System32\Wbem;C:\Windows\System32\WindowsPowerShell\v1.0\;C:\Program Files\Intel\Intel(R) Management Engine Components\DAL;C:\Program Files\Intel\Intel(R) Management Engine Components\IPT;C:\Program Files (x86)\Intel\Intel(R) Management Engine Components\DAL;C:\Program Files (x86)\Intel\Intel(R) Management Engine Components\IPT;C:\Program Files\Calibre2\;C:\Program Files\Java\jdk1.8.0_40\bin\;C:\Program Files (x86)\NVIDIA Corporation\PhysX\Common;C:\Program Files\Common Files\Microsoft Shared\Windows Live
USERNAME=Brandon
OS=Windows_NT
PROCESSOR_IDENTIFIER=Intel64 Family 6 Model 60 Stepping 3, GenuineIntel



---------------  S Y S T E M  ---------------

OS: Windows 7 , 64 bit Build 7601 (6.1.7601.19045)

CPU:total 8 (4 cores per cpu, 2 threads per core) family 6 model 60 stepping 3, cmov, cx8, fxsr, mmx, sse, sse2, sse3, ssse3, sse4.1, sse4.2, popcnt, avx, avx2, aes, clmul, erms, lzcnt, ht, tsc, tscinvbit, bmi1, bmi2

Memory: 4k page, physical 8332264k(2447956k free), swap 11044840k(5140k free)

vm_info: Java HotSpot(TM) 64-Bit Server VM (25.40-b25) for windows-amd64 JRE (1.8.0_40-b26), built on Mar  7 2015 13:51:59 by "java_re" with MS VC++ 10.0 (VS2010)

time: Fri Nov 27 00:17:40 2015
elapsed time: 1 seconds (0d 0h 0m 1s)

