#
# There is insufficient memory for the Java Runtime Environment to continue.
# Native memory allocation (malloc) failed to allocate 32744 bytes for ChunkPool::allocate
# Possible reasons:
#   The system is out of physical RAM or swap space
#   In 32 bit mode, the process size limit was hit
# Possible solutions:
#   Reduce memory load on the system
#   Increase physical memory or swap space
#   Check if swap backing store is full
#   Use 64 bit Java on a 64 bit OS
#   Decrease Java heap size (-Xmx/-Xms)
#   Decrease number of Java threads
#   Decrease Java thread stack sizes (-Xss)
#   Set larger code cache with -XX:ReservedCodeCacheSize=
# This output file may be truncated or incomplete.
#
#  Out of Memory Error (allocation.cpp:273), pid=9092, tid=6092
#
# JRE version: Java(TM) SE Runtime Environment (8.0_40-b26) (build 1.8.0_40-b26)
# Java VM: Java HotSpot(TM) 64-Bit Server VM (25.40-b25 mixed mode windows-amd64 compressed oops)
# Failed to write core dump. Minidumps are not enabled by default on client versions of Windows
#

---------------  T H R E A D  ---------------

Current thread (0x000000005661e000):  JavaThread "C2 CompilerThread0" daemon [_thread_in_native, id=6092, stack(0x0000000057e20000,0x0000000057f20000)]

Stack: [0x0000000057e20000,0x0000000057f20000],  sp=0x0000000057f1b270,  free space=1004k
Native frames: (J=compiled Java code, j=interpreted, Vv=VM code, C=native code)
V  [jvm.dll+0x32b47a]


Current CompileTask:
C2:   1872  913       4       com.android.dx.ssa.SsaBasicBlock::forEachInsn (37 bytes)


---------------  P R O C E S S  ---------------

Java Threads: ( => current thread )
  0x00000000568a8800 JavaThread "pool-1-thread-4" [_thread_blocked, id=6312, stack(0x0000000059430000,0x0000000059530000)]
  0x00000000587e5800 JavaThread "pool-1-thread-3" [_thread_in_Java, id=8860, stack(0x0000000057700000,0x0000000057800000)]
  0x000000005689d800 JavaThread "pool-1-thread-2" [_thread_blocked, id=2536, stack(0x0000000059180000,0x0000000059280000)]
  0x000000005689a800 JavaThread "pool-2-thread-1" [_thread_blocked, id=1600, stack(0x0000000057910000,0x0000000057a10000)]
  0x0000000056909800 JavaThread "pool-1-thread-1" [_thread_in_Java, id=2188, stack(0x0000000058fa0000,0x00000000590a0000)]
  0x0000000056634000 JavaThread "Service Thread" daemon [_thread_blocked, id=6500, stack(0x0000000058460000,0x0000000058560000)]
  0x000000005662c800 JavaThread "C1 CompilerThread3" daemon [_thread_in_native, id=10016, stack(0x0000000058310000,0x0000000058410000)]
  0x000000005662b000 JavaThread "C2 CompilerThread2" daemon [_thread_in_native, id=8624, stack(0x0000000058170000,0x0000000058270000)]
  0x0000000056624000 JavaThread "C2 CompilerThread1" daemon [_thread_in_native, id=3996, stack(0x0000000058010000,0x0000000058110000)]
=>0x000000005661e000 JavaThread "C2 CompilerThread0" daemon [_thread_in_native, id=6092, stack(0x0000000057e20000,0x0000000057f20000)]
  0x000000005661c800 JavaThread "Attach Listener" daemon [_thread_blocked, id=508, stack(0x0000000057c60000,0x0000000057d60000)]
  0x000000005661b800 JavaThread "Signal Dispatcher" daemon [_thread_blocked, id=7280, stack(0x0000000057b50000,0x0000000057c50000)]
  0x0000000055675800 JavaThread "Finalizer" daemon [_thread_blocked, id=4836, stack(0x0000000057a20000,0x0000000057b20000)]
  0x0000000055674800 JavaThread "Reference Handler" daemon [_thread_blocked, id=9876, stack(0x0000000057800000,0x0000000057900000)]
  0x0000000001d9e000 JavaThread "main" [_thread_blocked, id=9620, stack(0x0000000002210000,0x0000000002310000)]

Other Threads:
  0x00000000565d0800 VMThread [stack: 0x0000000057580000,0x0000000057680000] [id=9596]
  0x000000005663b000 WatcherThread [stack: 0x0000000058640000,0x0000000058740000] [id=4708]

VM state:not at safepoint (normal execution)

VM Mutex/Monitor currently owned by a thread: None

Heap:
 PSYoungGen      total 38400K, used 13487K [0x00000000eab00000, 0x00000000ef600000, 0x0000000100000000)
  eden space 33280K, 26% used [0x00000000eab00000,0x00000000eb3b8168,0x00000000ecb80000)
  from space 5120K, 89% used [0x00000000ecb80000,0x00000000ecff3db0,0x00000000ed080000)
  to   space 5120K, 0% used [0x00000000ef100000,0x00000000ef100000,0x00000000ef600000)
 ParOldGen       total 87552K, used 8K [0x00000000c0000000, 0x00000000c5580000, 0x00000000eab00000)
  object space 87552K, 0% used [0x00000000c0000000,0x00000000c0002000,0x00000000c5580000)
 Metaspace       used 5786K, capacity 6768K, committed 7040K, reserved 1056768K
  class space    used 587K, capacity 616K, committed 640K, reserved 1048576K

Card table byte_map: [0x0000000011a50000,0x0000000011c60000] byte_map_base: 0x0000000011450000

Marking Bits: (ParMarkBitMap*) 0x000000005d104040
 Begin Bits: [0x0000000012a90000, 0x0000000013a90000)
 End Bits:   [0x0000000013a90000, 0x0000000014a90000)

Polling page: 0x0000000000230000

CodeCache: size=245760Kb used=3426Kb max_used=3437Kb free=242333Kb
 bounds [0x0000000002690000, 0x00000000029f0000, 0x0000000011690000]
 total_blobs=1213 nmethods=942 adapters=182
 compilation: enabled

Compilation events (10 events):
Event: 1.853 Thread 0x000000005662c800  934       3       com.android.dx.ssa.SCCP::simulatePhiBlock (50 bytes)
Event: 1.853 Thread 0x000000005662c800 nmethod 934 0x00000000029e7050 code [0x00000000029e7220, 0x00000000029e7b18]
Event: 1.853 Thread 0x000000005662c800  951       3       com.android.dx.ssa.back.SsaToRop$1::visitBlock (97 bytes)
Event: 1.854 Thread 0x000000005662b000 nmethod 996 0x00000000029dafd0 code [0x00000000029db120, 0x00000000029db2d8]
Event: 1.854 Thread 0x000000005662b000  997       4       com.android.dx.rop.code.InsnList::set (7 bytes)
Event: 1.854 Thread 0x000000005662c800 nmethod 951 0x00000000029e5550 code [0x00000000029e57c0, 0x00000000029e66c8]
Event: 1.854 Thread 0x000000005662c800  977   !   3       com.android.dx.cf.code.RopperMachine::run (1550 bytes)
Event: 1.854 Thread 0x000000005662b000 nmethod 997 0x00000000029eba50 code [0x00000000029ebba0, 0x00000000029ebc98]
Event: 1.854 Thread 0x000000005662b000  995       4       com.android.dx.ssa.SsaMethod::computeReachability (131 bytes)
Event: 1.856 Thread 0x0000000056624000  999       4       com.android.dx.rop.code.BasicBlockList::set (12 bytes)

GC Heap History (2 events):
Event: 1.047 GC heap before
{Heap before GC invocations=1 (full 0):
 PSYoungGen      total 38400K, used 33280K [0x00000000eab00000, 0x00000000ed580000, 0x0000000100000000)
  eden space 33280K, 100% used [0x00000000eab00000,0x00000000ecb80000,0x00000000ecb80000)
  from space 5120K, 0% used [0x00000000ed080000,0x00000000ed080000,0x00000000ed580000)
  to   space 5120K, 0% used [0x00000000ecb80000,0x00000000ecb80000,0x00000000ed080000)
 ParOldGen       total 87552K, used 0K [0x00000000c0000000, 0x00000000c5580000, 0x00000000eab00000)
  object space 87552K, 0% used [0x00000000c0000000,0x00000000c0000000,0x00000000c5580000)
 Metaspace       used 5654K, capacity 6640K, committed 6784K, reserved 1056768K
  class space    used 586K, capacity 616K, committed 640K, reserved 1048576K
Event: 1.637 GC heap after
Heap after GC invocations=1 (full 0):
 PSYoungGen      total 38400K, used 4559K [0x00000000eab00000, 0x00000000ef600000, 0x0000000100000000)
  eden space 33280K, 0% used [0x00000000eab00000,0x00000000eab00000,0x00000000ecb80000)
  from space 5120K, 89% used [0x00000000ecb80000,0x00000000ecff3db0,0x00000000ed080000)
  to   space 5120K, 0% used [0x00000000ef100000,0x00000000ef100000,0x00000000ef600000)
 ParOldGen       total 87552K, used 8K [0x00000000c0000000, 0x00000000c5580000, 0x00000000eab00000)
  object space 87552K, 0% used [0x00000000c0000000,0x00000000c0002000,0x00000000c5580000)
 Metaspace       used 5654K, capacity 6640K, committed 6784K, reserved 1056768K
  class space    used 586K, capacity 616K, committed 640K, reserved 1048576K
}

Deoptimization events (6 events):
Event: 0.315 Thread 0x0000000001d9e000 Uncommon trap: reason=unstable_if action=reinterpret pc=0x00000000027f5f88 method=java.lang.String.indexOf(II)I @ 49
Event: 0.839 Thread 0x00000000587e5800 Uncommon trap: reason=unstable_if action=reinterpret pc=0x00000000028a1304 method=com.android.dx.rop.code.RegisterSpec.equals(ILcom/android/dx/rop/type/TypeBearer;Lcom/android/dx/rop/code/LocalItem;)Z @ 16
Event: 0.840 Thread 0x00000000568a8800 Uncommon trap: reason=unstable_if action=reinterpret pc=0x0000000002898460 method=java.util.BitSet.nextSetBit(I)I @ 87
Event: 0.987 Thread 0x00000000568a8800 Uncommon trap: reason=unstable_if action=reinterpret pc=0x000000000290bf20 method=com.android.dx.ssa.NormalSsaInsn.getLocalAssignment()Lcom/android/dx/rop/code/RegisterSpec; @ 12
Event: 1.708 Thread 0x00000000568a8800 Uncommon trap: reason=unloaded action=reinterpret pc=0x0000000002920ed0 method=com.android.dx.ssa.SsaRenamer$BlockRenamer.visitMoveInsn(Lcom/android/dx/ssa/NormalSsaInsn;)V @ 208
Event: 1.709 Thread 0x00000000568a8800 Uncommon trap: reason=unloaded action=reinterpret pc=0x0000000002917208 method=com.android.dx.ssa.SsaRenamer$BlockRenamer.visitMoveInsn(Lcom/android/dx/ssa/NormalSsaInsn;)V @ 208

Internal exceptions (2 events):
Event: 0.049 Thread 0x0000000001d9e000 Exception <a 'java/lang/NoSuchMethodError': Method sun.misc.Unsafe.defineClass(Ljava/lang/String;[BII)Ljava/lang/Class; name or signature does not match> (0x00000000eab0d560) thrown at [D:\re\workspace\8-2-build-windows-amd64-cygwin\jdk8u40\3098\hotspot\sr¿fªF©?
Event: 0.049 Thread 0x0000000001d9e000 Exception <a 'java/lang/NoSuchMethodError': Method sun.misc.Unsafe.prefetchRead(Ljava/lang/Object;J)V name or signature does not match> (0x00000000eab0d7f0) thrown at [D:\re\workspace\8-2-build-windows-amd64-cygwin\jdk8u40\3098\hotspot\src\share\vm\prims\j

Events (10 events):
Event: 0.988 Executing VM operation: ParallelGCFailedAllocation
Event: 1.637 Executing VM operation: ParallelGCFailedAllocation done
Event: 1.671 loading class com/android/dx/cf/code/BytecodeArray$ConstantParserVisitor
Event: 1.671 loading class com/android/dx/cf/code/BytecodeArray$ConstantParserVisitor done
Event: 1.708 Thread 0x00000000568a8800 Uncommon trap: trap_request=0x00000034 fr.pc=0x0000000002920ed0
Event: 1.708 Thread 0x00000000568a8800 DEOPT PACKING pc=0x0000000002920ed0 sp=0x000000005952e970
Event: 1.708 Thread 0x00000000568a8800 DEOPT UNPACKING pc=0x00000000026d582a sp=0x000000005952e890 mode 2
Event: 1.709 Thread 0x00000000568a8800 Uncommon trap: trap_request=0x00000034 fr.pc=0x0000000002917208
Event: 1.709 Thread 0x00000000568a8800 DEOPT PACKING pc=0x0000000002917208 sp=0x000000005952e8e0
Event: 1.709 Thread 0x00000000568a8800 DEOPT UNPACKING pc=0x00000000026d582a sp=0x000000005952e880 mode 2


Dynamic libraries:
0x000000013f100000 - 0x000000013f137000 	C:\Program Files\Java\jdk1.8.0_40\bin\java.exe
0x00000000773e0000 - 0x0000000077589000 	C:\Windows\SYSTEM32\ntdll.dll
0x00000000771c0000 - 0x00000000772e0000 	C:\Windows\system32\kernel32.dll
0x000007fefd4a0000 - 0x000007fefd50c000 	C:\Windows\system32\KERNELBASE.dll
0x000007fefd540000 - 0x000007fefd61b000 	C:\Windows\system32\ADVAPI32.dll
0x000007fefefc0000 - 0x000007feff05f000 	C:\Windows\system32\msvcrt.dll
0x000007fefdb30000 - 0x000007fefdb4f000 	C:\Windows\SYSTEM32\sechost.dll
0x000007fefddd0000 - 0x000007fefdefd000 	C:\Windows\system32\RPCRT4.dll
0x00000000772e0000 - 0x00000000773da000 	C:\Windows\system32\USER32.dll
0x000007fefdc70000 - 0x000007fefdcd7000 	C:\Windows\system32\GDI32.dll
0x000007fefdce0000 - 0x000007fefdcee000 	C:\Windows\system32\LPK.dll
0x000007feff620000 - 0x000007feff6e9000 	C:\Windows\system32\USP10.dll
0x000007fefb680000 - 0x000007fefb874000 	C:\Windows\WinSxS\amd64_microsoft.windows.common-controls_6595b64144ccf1df_6.0.7601.18837_none_fa3b1e3d17594757\COMCTL32.dll
0x000007fefef40000 - 0x000007fefefb1000 	C:\Windows\system32\SHLWAPI.dll
0x000007fefdbf0000 - 0x000007fefdc1e000 	C:\Windows\system32\IMM32.DLL
0x000007feff510000 - 0x000007feff619000 	C:\Windows\system32\MSCTF.dll
0x000000006f0f0000 - 0x000000006f1c2000 	C:\Program Files\Java\jdk1.8.0_40\jre\bin\msvcr100.dll
0x000000005c900000 - 0x000000005d183000 	C:\Program Files\Java\jdk1.8.0_40\jre\bin\server\jvm.dll
0x000007fef8680000 - 0x000007fef8689000 	C:\Windows\system32\WSOCK32.dll
0x000007fefdc20000 - 0x000007fefdc6d000 	C:\Windows\system32\WS2_32.dll
0x000007fefd8b0000 - 0x000007fefd8b8000 	C:\Windows\system32\NSI.dll
0x000007fefa7b0000 - 0x000007fefa7eb000 	C:\Windows\system32\WINMM.dll
0x000007fefc250000 - 0x000007fefc25c000 	C:\Windows\system32\VERSION.dll
0x00000000775b0000 - 0x00000000775b7000 	C:\Windows\system32\PSAPI.DLL
0x0000000067610000 - 0x000000006761f000 	C:\Program Files\Java\jdk1.8.0_40\jre\bin\verify.dll
0x000000005e800000 - 0x000000005e829000 	C:\Program Files\Java\jdk1.8.0_40\jre\bin\java.dll
0x000000005e7e0000 - 0x000000005e7f6000 	C:\Program Files\Java\jdk1.8.0_40\jre\bin\zip.dll
0x000007fefe110000 - 0x000007fefee99000 	C:\Windows\system32\SHELL32.dll
0x000007fefdf00000 - 0x000007fefe103000 	C:\Windows\system32\ole32.dll
0x000007fefd190000 - 0x000007fefd19f000 	C:\Windows\system32\profapi.dll

VM Arguments:
jvm_args: -Djava.awt.headless=true -Xmx1024M -Dfile.encoding=windows-1252 -Duser.country=IE -Duser.language=en -Duser.variant 
java_command: com.android.dx.command.Main --dex --num-threads=4 --output C:\Users\Brandon\AndroidStudioProjects\Assignment\app\build\intermediates\pre-dexed\debug\com.google.android.gms-play-services-basement-8.1.0_5cb3808f87e9c5de41ec24248bda258eb080de73.jar C:\Users\Brandon\AndroidStudioProjects\Assignment\app\build\intermediates\exploded-aar\com.google.android.gms\play-services-basement\8.1.0\jars\classes.jar
java_class_path (initial): C:\Users\Brandon\AppData\Local\Android\sdk\build-tools\23.0.2\lib\dx.jar
Launcher Type: SUN_STANDARD

Environment Variables:
PATH=C:\ProgramData\Oracle\Java\javapath;C:\Program Files (x86)\Common Files\Microsoft Shared\Windows Live;C:\Program Files (x86)\Intel\iCLS Client\;C:\Program Files\Intel\iCLS Client\;C:\Windows\system32;C:\Windows;C:\Windows\System32\Wbem;C:\Windows\System32\WindowsPowerShell\v1.0\;C:\Program Files\Intel\Intel(R) Management Engine Components\DAL;C:\Program Files\Intel\Intel(R) Management Engine Components\IPT;C:\Program Files (x86)\Intel\Intel(R) Management Engine Components\DAL;C:\Program Files (x86)\Intel\Intel(R) Management Engine Components\IPT;C:\Program Files\Calibre2\;C:\Program Files\Java\jdk1.8.0_40\bin\;C:\Program Files (x86)\NVIDIA Corporation\PhysX\Common;C:\Program Files\Common Files\Microsoft Shared\Windows Live
USERNAME=Brandon
OS=Windows_NT
PROCESSOR_IDENTIFIER=Intel64 Family 6 Model 60 Stepping 3, GenuineIntel



---------------  S Y S T E M  ---------------

OS: Windows 7 , 64 bit Build 7601 (6.1.7601.19045)

CPU:total 8 (4 cores per cpu, 2 threads per core) family 6 model 60 stepping 3, cmov, cx8, fxsr, mmx, sse, sse2, sse3, ssse3, sse4.1, sse4.2, popcnt, avx, avx2, aes, clmul, erms, lzcnt, ht, tsc, tscinvbit, bmi1, bmi2

Memory: 4k page, physical 8332264k(2450412k free), swap 11044840k(5120k free)

vm_info: Java HotSpot(TM) 64-Bit Server VM (25.40-b25) for windows-amd64 JRE (1.8.0_40-b26), built on Mar  7 2015 13:51:59 by "java_re" with MS VC++ 10.0 (VS2010)

time: Fri Nov 27 00:17:40 2015
elapsed time: 1 seconds (0d 0h 0m 1s)

