#
# There is insufficient memory for the Java Runtime Environment to continue.
# Cannot create GC thread. Out of system resources.
# Possible reasons:
#   The system is out of physical RAM or swap space
#   In 32 bit mode, the process size limit was hit
# Possible solutions:
#   Reduce memory load on the system
#   Increase physical memory or swap space
#   Check if swap backing store is full
#   Use 64 bit Java on a 64 bit OS
#   Decrease Java heap size (-Xmx/-Xms)
#   Decrease number of Java threads
#   Decrease Java thread stack sizes (-Xss)
#   Set larger code cache with -XX:ReservedCodeCacheSize=
# This output file may be truncated or incomplete.
#
#  Out of Memory Error (gcTaskThread.cpp:48), pid=8944, tid=2332
#
# JRE version:  (8.0_40-b26) (build )
# Java VM: Java HotSpot(TM) 64-Bit Server VM (25.40-b25 mixed mode windows-amd64 compressed oops)
# Failed to write core dump. Minidumps are not enabled by default on client versions of Windows
#

---------------  T H R E A D  ---------------

Current thread (0x000000000034e000):  JavaThread "Unknown thread" [_thread_in_vm, id=2332, stack(0x0000000002480000,0x0000000002580000)]

Stack: [0x0000000002480000,0x0000000002580000]
Native frames: (J=compiled Java code, j=interpreted, Vv=VM code, C=native code)
V  [jvm.dll+0x32b47a]
V  [jvm.dll+0x2797f3]
V  [jvm.dll+0x27a489]
V  [jvm.dll+0x2717a5]
V  [jvm.dll+0x3e9f98]
V  [jvm.dll+0x3e9c5c]
V  [jvm.dll+0x3e9eec]
V  [jvm.dll+0x3eb410]
V  [jvm.dll+0xf1127]
V  [jvm.dll+0xf1a84]
V  [jvm.dll+0x20f0c7]
V  [jvm.dll+0x240d9a]
V  [jvm.dll+0x15b941]
C  [java.exe+0x216e]
C  [java.exe+0xcce7]
C  [java.exe+0xcd7b]
C  [kernel32.dll+0x15a4d]
C  [ntdll.dll+0x2b831]


---------------  P R O C E S S  ---------------

Java Threads: ( => current thread )

Other Threads:

=>0x000000000034e000 (exited) JavaThread "Unknown thread" [_thread_in_vm, id=2332, stack(0x0000000002480000,0x0000000002580000)]

VM state:not at safepoint (not fully initialized)

VM Mutex/Monitor currently owned by a thread: None

GC Heap History (0 events):
No events

Deoptimization events (0 events):
No events

Internal exceptions (0 events):
No events

Events (0 events):
No events


Dynamic libraries:
0x000000013fd90000 - 0x000000013fdc7000 	C:\Program Files\Java\jdk1.8.0_40\bin\java.exe
0x00000000773e0000 - 0x0000000077589000 	C:\Windows\SYSTEM32\ntdll.dll
0x00000000771c0000 - 0x00000000772e0000 	C:\Windows\system32\kernel32.dll
0x000007fefd4a0000 - 0x000007fefd50c000 	C:\Windows\system32\KERNELBASE.dll
0x000007fefd540000 - 0x000007fefd61b000 	C:\Windows\system32\ADVAPI32.dll
0x000007fefefc0000 - 0x000007feff05f000 	C:\Windows\system32\msvcrt.dll
0x000007fefdb30000 - 0x000007fefdb4f000 	C:\Windows\SYSTEM32\sechost.dll
0x000007fefddd0000 - 0x000007fefdefd000 	C:\Windows\system32\RPCRT4.dll
0x00000000772e0000 - 0x00000000773da000 	C:\Windows\system32\USER32.dll
0x000007fefdc70000 - 0x000007fefdcd7000 	C:\Windows\system32\GDI32.dll
0x000007fefdce0000 - 0x000007fefdcee000 	C:\Windows\system32\LPK.dll
0x000007feff620000 - 0x000007feff6e9000 	C:\Windows\system32\USP10.dll
0x000007fefb680000 - 0x000007fefb874000 	C:\Windows\WinSxS\amd64_microsoft.windows.common-controls_6595b64144ccf1df_6.0.7601.18837_none_fa3b1e3d17594757\COMCTL32.dll
0x000007fefef40000 - 0x000007fefefb1000 	C:\Windows\system32\SHLWAPI.dll
0x000007fefdbf0000 - 0x000007fefdc1e000 	C:\Windows\system32\IMM32.DLL
0x000007feff510000 - 0x000007feff619000 	C:\Windows\system32\MSCTF.dll
0x000000006f0f0000 - 0x000000006f1c2000 	C:\Program Files\Java\jdk1.8.0_40\jre\bin\msvcr100.dll
0x000000005c900000 - 0x000000005d183000 	C:\Program Files\Java\jdk1.8.0_40\jre\bin\server\jvm.dll
0x000007fef8680000 - 0x000007fef8689000 	C:\Windows\system32\WSOCK32.dll
0x000007fefdc20000 - 0x000007fefdc6d000 	C:\Windows\system32\WS2_32.dll
0x000007fefd8b0000 - 0x000007fefd8b8000 	C:\Windows\system32\NSI.dll
0x000007fefa7b0000 - 0x000007fefa7eb000 	C:\Windows\system32\WINMM.dll
0x000007fefc250000 - 0x000007fefc25c000 	C:\Windows\system32\VERSION.dll
0x00000000775b0000 - 0x00000000775b7000 	C:\Windows\system32\PSAPI.DLL
0x0000000067610000 - 0x000000006761f000 	C:\Program Files\Java\jdk1.8.0_40\jre\bin\verify.dll
0x000000005e800000 - 0x000000005e829000 	C:\Program Files\Java\jdk1.8.0_40\jre\bin\java.dll
0x000000005e7e0000 - 0x000000005e7f6000 	C:\Program Files\Java\jdk1.8.0_40\jre\bin\zip.dll
0x000007fef7450000 - 0x000007fef7575000 	C:\Windows\system32\dbghelp.dll

VM Arguments:
jvm_args: -Djava.awt.headless=true -Xmx1024M -Dfile.encoding=windows-1252 -Duser.country=IE -Duser.language=en -Duser.variant 
java_command: com.android.dx.command.Main --dex --num-threads=4 --output C:\Users\Brandon\AndroidStudioProjects\Assignment\app\build\intermediates\pre-dexed\debug\com.google.android.gms-play-services-appindexing-8.1.0_1e905641f7e607b8070ce624374b089da56c10f8.jar C:\Users\Brandon\AndroidStudioProjects\Assignment\app\build\intermediates\exploded-aar\com.google.android.gms\play-services-appindexing\8.1.0\jars\classes.jar
java_class_path (initial): C:\Users\Brandon\AppData\Local\Android\sdk\build-tools\23.0.2\lib\dx.jar
Launcher Type: SUN_STANDARD

Environment Variables:
PATH=C:\ProgramData\Oracle\Java\javapath;C:\Program Files (x86)\Common Files\Microsoft Shared\Windows Live;C:\Program Files (x86)\Intel\iCLS Client\;C:\Program Files\Intel\iCLS Client\;C:\Windows\system32;C:\Windows;C:\Windows\System32\Wbem;C:\Windows\System32\WindowsPowerShell\v1.0\;C:\Program Files\Intel\Intel(R) Management Engine Components\DAL;C:\Program Files\Intel\Intel(R) Management Engine Components\IPT;C:\Program Files (x86)\Intel\Intel(R) Management Engine Components\DAL;C:\Program Files (x86)\Intel\Intel(R) Management Engine Components\IPT;C:\Program Files\Calibre2\;C:\Program Files\Java\jdk1.8.0_40\bin\;C:\Program Files (x86)\NVIDIA Corporation\PhysX\Common;C:\Program Files\Common Files\Microsoft Shared\Windows Live
USERNAME=Brandon
OS=Windows_NT
PROCESSOR_IDENTIFIER=Intel64 Family 6 Model 60 Stepping 3, GenuineIntel



---------------  S Y S T E M  ---------------

OS: Windows 7 , 64 bit Build 7601 (6.1.7601.19045)

CPU:total 8 (4 cores per cpu, 2 threads per core) family 6 model 60 stepping 3, cmov, cx8, fxsr, mmx, sse, sse2, sse3, ssse3, sse4.1, sse4.2, popcnt, avx, avx2, aes, clmul, erms, lzcnt, ht, tsc, tscinvbit, bmi1, bmi2

Memory: 4k page, physical 8332264k(2121396k free), swap 11044840k(701336k free)

vm_info: Java HotSpot(TM) 64-Bit Server VM (25.40-b25) for windows-amd64 JRE (1.8.0_40-b26), built on Mar  7 2015 13:51:59 by "java_re" with MS VC++ 10.0 (VS2010)

time: Fri Nov 27 00:23:13 2015
elapsed time: 0 seconds (0d 0h 0m 0s)

